[13-Mar-2025 03:06:07 UTC] ✅ Kullanıcı girişi başarılı! Token oluşturuldu.
[13-Mar-2025 03:06:07 UTC] Slim Application Error
Type: Error
Code: 0
Message: Call to undefined method GuzzleHttp\Psr7\Response::withJson()
File: D:\xampp81\htdocs\slim_paranomi\src\Routes\routes.php
Line: 71
Trace: #0 D:\xampp81\htdocs\slim_paranomi\vendor\slim\slim\Slim\Handlers\Strategies\RequestResponse.php(38): {closure}(Object(GuzzleHttp\Psr7\ServerRequest), Object(GuzzleHttp\Psr7\Response), Array)
#1 D:\xampp81\htdocs\slim_paranomi\vendor\slim\slim\Slim\Routing\Route.php(363): Slim\Handlers\Strategies\RequestResponse->__invoke(Object(Closure), Object(GuzzleHttp\Psr7\ServerRequest), Object(GuzzleHttp\Psr7\Response), Array)
#2 D:\xampp81\htdocs\slim_paranomi\vendor\slim\slim\Slim\MiddlewareDispatcher.php(73): Slim\Routing\Route->handle(Object(GuzzleHttp\Psr7\ServerRequest))
#3 D:\xampp81\htdocs\slim_paranomi\vendor\slim\slim\Slim\MiddlewareDispatcher.php(73): Slim\MiddlewareDispatcher->handle(Object(GuzzleHttp\Psr7\ServerRequest))
#4 D:\xampp81\htdocs\slim_paranomi\vendor\slim\slim\Slim\Routing\Route.php(321): Slim\MiddlewareDispatcher->handle(Object(GuzzleHttp\Psr7\ServerRequest))
#5 D:\xampp81\htdocs\slim_paranomi\vendor\slim\slim\Slim\Routing\RouteRunner.php(74): Slim\Routing\Route->run(Object(GuzzleHttp\Psr7\ServerRequest))
#6 D:\xampp81\htdocs\slim_paranomi\vendor\slim\slim\Slim\Middleware\RoutingMiddleware.php(45): Slim\Routing\RouteRunner->handle(Object(GuzzleHttp\Psr7\ServerRequest))
#7 D:\xampp81\htdocs\slim_paranomi\vendor\slim\slim\Slim\MiddlewareDispatcher.php(129): Slim\Middleware\RoutingMiddleware->process(Object(GuzzleHttp\Psr7\ServerRequest), Object(Slim\Routing\RouteRunner))
#8 D:\xampp81\htdocs\slim_paranomi\vendor\slim\slim\Slim\Middleware\ErrorMiddleware.php(77): Psr\Http\Server\RequestHandlerInterface@anonymous->handle(Object(GuzzleHttp\Psr7\ServerRequest))
#9 D:\xampp81\htdocs\slim_paranomi\vendor\slim\slim\Slim\MiddlewareDispatcher.php(129): Slim\Middleware\ErrorMiddleware->process(Object(GuzzleHttp\Psr7\ServerRequest), Object(Psr\Http\Server\RequestHandlerInterface@anonymous))
#10 D:\xampp81\htdocs\slim_paranomi\vendor\slim\slim\Slim\MiddlewareDispatcher.php(73): Psr\Http\Server\RequestHandlerInterface@anonymous->handle(Object(GuzzleHttp\Psr7\ServerRequest))
#11 D:\xampp81\htdocs\slim_paranomi\vendor\slim\slim\Slim\App.php(209): Slim\MiddlewareDispatcher->handle(Object(GuzzleHttp\Psr7\ServerRequest))
#12 D:\xampp81\htdocs\slim_paranomi\vendor\slim\slim\Slim\App.php(193): Slim\App->handle(Object(GuzzleHttp\Psr7\ServerRequest))
#13 D:\xampp81\htdocs\slim_paranomi\public\index.php(31): Slim\App->run()
#14 {main}
[13-Mar-2025 03:06:13 UTC] ✅ Kullanıcı girişi başarılı! Token oluşturuldu.
[13-Mar-2025 03:18:31 UTC] 404 Not Found
Type: Slim\Exception\HttpNotFoundException
Code: 404
Message: Not found.
File: D:\xampp81\htdocs\slim_paranomi\vendor\slim\slim\Slim\Middleware\RoutingMiddleware.php
Line: 76
Trace: #0 D:\xampp81\htdocs\slim_paranomi\vendor\slim\slim\Slim\Middleware\RoutingMiddleware.php(44): Slim\Middleware\RoutingMiddleware->performRouting(Object(GuzzleHttp\Psr7\ServerRequest))
#1 D:\xampp81\htdocs\slim_paranomi\vendor\slim\slim\Slim\MiddlewareDispatcher.php(129): Slim\Middleware\RoutingMiddleware->process(Object(GuzzleHttp\Psr7\ServerRequest), Object(Slim\Routing\RouteRunner))
#2 D:\xampp81\htdocs\slim_paranomi\vendor\slim\slim\Slim\Middleware\ErrorMiddleware.php(77): Psr\Http\Server\RequestHandlerInterface@anonymous->handle(Object(GuzzleHttp\Psr7\ServerRequest))
#3 D:\xampp81\htdocs\slim_paranomi\vendor\slim\slim\Slim\MiddlewareDispatcher.php(129): Slim\Middleware\ErrorMiddleware->process(Object(GuzzleHttp\Psr7\ServerRequest), Object(Psr\Http\Server\RequestHandlerInterface@anonymous))
#4 D:\xampp81\htdocs\slim_paranomi\vendor\slim\slim\Slim\MiddlewareDispatcher.php(73): Psr\Http\Server\RequestHandlerInterface@anonymous->handle(Object(GuzzleHttp\Psr7\ServerRequest))
#5 D:\xampp81\htdocs\slim_paranomi\vendor\slim\slim\Slim\App.php(209): Slim\MiddlewareDispatcher->handle(Object(GuzzleHttp\Psr7\ServerRequest))
#6 D:\xampp81\htdocs\slim_paranomi\vendor\slim\slim\Slim\App.php(193): Slim\App->handle(Object(GuzzleHttp\Psr7\ServerRequest))
#7 D:\xampp81\htdocs\slim_paranomi\public\index.php(31): Slim\App->run()
#8 {main}
[13-Mar-2025 03:18:31 UTC] 404 Not Found
Type: Slim\Exception\HttpNotFoundException
Code: 404
Message: Not found.
File: D:\xampp81\htdocs\slim_paranomi\vendor\slim\slim\Slim\Middleware\RoutingMiddleware.php
Line: 76
Trace: #0 D:\xampp81\htdocs\slim_paranomi\vendor\slim\slim\Slim\Middleware\RoutingMiddleware.php(44): Slim\Middleware\RoutingMiddleware->performRouting(Object(GuzzleHttp\Psr7\ServerRequest))
#1 D:\xampp81\htdocs\slim_paranomi\vendor\slim\slim\Slim\MiddlewareDispatcher.php(129): Slim\Middleware\RoutingMiddleware->process(Object(GuzzleHttp\Psr7\ServerRequest), Object(Slim\Routing\RouteRunner))
#2 D:\xampp81\htdocs\slim_paranomi\vendor\slim\slim\Slim\Middleware\ErrorMiddleware.php(77): Psr\Http\Server\RequestHandlerInterface@anonymous->handle(Object(GuzzleHttp\Psr7\ServerRequest))
#3 D:\xampp81\htdocs\slim_paranomi\vendor\slim\slim\Slim\MiddlewareDispatcher.php(129): Slim\Middleware\ErrorMiddleware->process(Object(GuzzleHttp\Psr7\ServerRequest), Object(Psr\Http\Server\RequestHandlerInterface@anonymous))
#4 D:\xampp81\htdocs\slim_paranomi\vendor\slim\slim\Slim\MiddlewareDispatcher.php(73): Psr\Http\Server\RequestHandlerInterface@anonymous->handle(Object(GuzzleHttp\Psr7\ServerRequest))
#5 D:\xampp81\htdocs\slim_paranomi\vendor\slim\slim\Slim\App.php(209): Slim\MiddlewareDispatcher->handle(Object(GuzzleHttp\Psr7\ServerRequest))
#6 D:\xampp81\htdocs\slim_paranomi\vendor\slim\slim\Slim\App.php(193): Slim\App->handle(Object(GuzzleHttp\Psr7\ServerRequest))
#7 D:\xampp81\htdocs\slim_paranomi\public\index.php(31): Slim\App->run()
#8 {main}
[13-Mar-2025 03:19:01 UTC] 404 Not Found
Type: Slim\Exception\HttpNotFoundException
Code: 404
Message: Not found.
File: D:\xampp81\htdocs\slim_paranomi\vendor\slim\slim\Slim\Middleware\RoutingMiddleware.php
Line: 76
Trace: #0 D:\xampp81\htdocs\slim_paranomi\vendor\slim\slim\Slim\Middleware\RoutingMiddleware.php(44): Slim\Middleware\RoutingMiddleware->performRouting(Object(GuzzleHttp\Psr7\ServerRequest))
#1 D:\xampp81\htdocs\slim_paranomi\vendor\slim\slim\Slim\MiddlewareDispatcher.php(129): Slim\Middleware\RoutingMiddleware->process(Object(GuzzleHttp\Psr7\ServerRequest), Object(Slim\Routing\RouteRunner))
#2 D:\xampp81\htdocs\slim_paranomi\vendor\slim\slim\Slim\Middleware\ErrorMiddleware.php(77): Psr\Http\Server\RequestHandlerInterface@anonymous->handle(Object(GuzzleHttp\Psr7\ServerRequest))
#3 D:\xampp81\htdocs\slim_paranomi\vendor\slim\slim\Slim\MiddlewareDispatcher.php(129): Slim\Middleware\ErrorMiddleware->process(Object(GuzzleHttp\Psr7\ServerRequest), Object(Psr\Http\Server\RequestHandlerInterface@anonymous))
#4 D:\xampp81\htdocs\slim_paranomi\vendor\slim\slim\Slim\MiddlewareDispatcher.php(73): Psr\Http\Server\RequestHandlerInterface@anonymous->handle(Object(GuzzleHttp\Psr7\ServerRequest))
#5 D:\xampp81\htdocs\slim_paranomi\vendor\slim\slim\Slim\App.php(209): Slim\MiddlewareDispatcher->handle(Object(GuzzleHttp\Psr7\ServerRequest))
#6 D:\xampp81\htdocs\slim_paranomi\vendor\slim\slim\Slim\App.php(193): Slim\App->handle(Object(GuzzleHttp\Psr7\ServerRequest))
#7 D:\xampp81\htdocs\slim_paranomi\public\index.php(31): Slim\App->run()
#8 {main}
[13-Mar-2025 03:19:01 UTC] 404 Not Found
Type: Slim\Exception\HttpNotFoundException
Code: 404
Message: Not found.
File: D:\xampp81\htdocs\slim_paranomi\vendor\slim\slim\Slim\Middleware\RoutingMiddleware.php
Line: 76
Trace: #0 D:\xampp81\htdocs\slim_paranomi\vendor\slim\slim\Slim\Middleware\RoutingMiddleware.php(44): Slim\Middleware\RoutingMiddleware->performRouting(Object(GuzzleHttp\Psr7\ServerRequest))
#1 D:\xampp81\htdocs\slim_paranomi\vendor\slim\slim\Slim\MiddlewareDispatcher.php(129): Slim\Middleware\RoutingMiddleware->process(Object(GuzzleHttp\Psr7\ServerRequest), Object(Slim\Routing\RouteRunner))
#2 D:\xampp81\htdocs\slim_paranomi\vendor\slim\slim\Slim\Middleware\ErrorMiddleware.php(77): Psr\Http\Server\RequestHandlerInterface@anonymous->handle(Object(GuzzleHttp\Psr7\ServerRequest))
#3 D:\xampp81\htdocs\slim_paranomi\vendor\slim\slim\Slim\MiddlewareDispatcher.php(129): Slim\Middleware\ErrorMiddleware->process(Object(GuzzleHttp\Psr7\ServerRequest), Object(Psr\Http\Server\RequestHandlerInterface@anonymous))
#4 D:\xampp81\htdocs\slim_paranomi\vendor\slim\slim\Slim\MiddlewareDispatcher.php(73): Psr\Http\Server\RequestHandlerInterface@anonymous->handle(Object(GuzzleHttp\Psr7\ServerRequest))
#5 D:\xampp81\htdocs\slim_paranomi\vendor\slim\slim\Slim\App.php(209): Slim\MiddlewareDispatcher->handle(Object(GuzzleHttp\Psr7\ServerRequest))
#6 D:\xampp81\htdocs\slim_paranomi\vendor\slim\slim\Slim\App.php(193): Slim\App->handle(Object(GuzzleHttp\Psr7\ServerRequest))
#7 D:\xampp81\htdocs\slim_paranomi\public\index.php(31): Slim\App->run()
#8 {main}
[13-Mar-2025 03:20:58 UTC] 404 Not Found
Type: Slim\Exception\HttpNotFoundException
Code: 404
Message: Not found.
File: D:\xampp81\htdocs\slim_paranomi\vendor\slim\slim\Slim\Middleware\RoutingMiddleware.php
Line: 76
Trace: #0 D:\xampp81\htdocs\slim_paranomi\vendor\slim\slim\Slim\Middleware\RoutingMiddleware.php(44): Slim\Middleware\RoutingMiddleware->performRouting(Object(GuzzleHttp\Psr7\ServerRequest))
#1 D:\xampp81\htdocs\slim_paranomi\vendor\slim\slim\Slim\MiddlewareDispatcher.php(129): Slim\Middleware\RoutingMiddleware->process(Object(GuzzleHttp\Psr7\ServerRequest), Object(Slim\Routing\RouteRunner))
#2 D:\xampp81\htdocs\slim_paranomi\vendor\slim\slim\Slim\Middleware\ErrorMiddleware.php(77): Psr\Http\Server\RequestHandlerInterface@anonymous->handle(Object(GuzzleHttp\Psr7\ServerRequest))
#3 D:\xampp81\htdocs\slim_paranomi\vendor\slim\slim\Slim\MiddlewareDispatcher.php(129): Slim\Middleware\ErrorMiddleware->process(Object(GuzzleHttp\Psr7\ServerRequest), Object(Psr\Http\Server\RequestHandlerInterface@anonymous))
#4 D:\xampp81\htdocs\slim_paranomi\vendor\slim\slim\Slim\MiddlewareDispatcher.php(73): Psr\Http\Server\RequestHandlerInterface@anonymous->handle(Object(GuzzleHttp\Psr7\ServerRequest))
#5 D:\xampp81\htdocs\slim_paranomi\vendor\slim\slim\Slim\App.php(209): Slim\MiddlewareDispatcher->handle(Object(GuzzleHttp\Psr7\ServerRequest))
#6 D:\xampp81\htdocs\slim_paranomi\vendor\slim\slim\Slim\App.php(193): Slim\App->handle(Object(GuzzleHttp\Psr7\ServerRequest))
#7 D:\xampp81\htdocs\slim_paranomi\public\index.php(31): Slim\App->run()
#8 {main}
[13-Mar-2025 03:20:58 UTC] 404 Not Found
Type: Slim\Exception\HttpNotFoundException
Code: 404
Message: Not found.
File: D:\xampp81\htdocs\slim_paranomi\vendor\slim\slim\Slim\Middleware\RoutingMiddleware.php
Line: 76
Trace: #0 D:\xampp81\htdocs\slim_paranomi\vendor\slim\slim\Slim\Middleware\RoutingMiddleware.php(44): Slim\Middleware\RoutingMiddleware->performRouting(Object(GuzzleHttp\Psr7\ServerRequest))
#1 D:\xampp81\htdocs\slim_paranomi\vendor\slim\slim\Slim\MiddlewareDispatcher.php(129): Slim\Middleware\RoutingMiddleware->process(Object(GuzzleHttp\Psr7\ServerRequest), Object(Slim\Routing\RouteRunner))
#2 D:\xampp81\htdocs\slim_paranomi\vendor\slim\slim\Slim\Middleware\ErrorMiddleware.php(77): Psr\Http\Server\RequestHandlerInterface@anonymous->handle(Object(GuzzleHttp\Psr7\ServerRequest))
#3 D:\xampp81\htdocs\slim_paranomi\vendor\slim\slim\Slim\MiddlewareDispatcher.php(129): Slim\Middleware\ErrorMiddleware->process(Object(GuzzleHttp\Psr7\ServerRequest), Object(Psr\Http\Server\RequestHandlerInterface@anonymous))
#4 D:\xampp81\htdocs\slim_paranomi\vendor\slim\slim\Slim\MiddlewareDispatcher.php(73): Psr\Http\Server\RequestHandlerInterface@anonymous->handle(Object(GuzzleHttp\Psr7\ServerRequest))
#5 D:\xampp81\htdocs\slim_paranomi\vendor\slim\slim\Slim\App.php(209): Slim\MiddlewareDispatcher->handle(Object(GuzzleHttp\Psr7\ServerRequest))
#6 D:\xampp81\htdocs\slim_paranomi\vendor\slim\slim\Slim\App.php(193): Slim\App->handle(Object(GuzzleHttp\Psr7\ServerRequest))
#7 D:\xampp81\htdocs\slim_paranomi\public\index.php(31): Slim\App->run()
#8 {main}
[13-Mar-2025 03:24:21 UTC] 404 Not Found
Type: Slim\Exception\HttpNotFoundException
Code: 404
Message: Not found.
File: D:\xampp81\htdocs\slim_paranomi\vendor\slim\slim\Slim\Middleware\RoutingMiddleware.php
Line: 76
Trace: #0 D:\xampp81\htdocs\slim_paranomi\vendor\slim\slim\Slim\Middleware\RoutingMiddleware.php(44): Slim\Middleware\RoutingMiddleware->performRouting(Object(GuzzleHttp\Psr7\ServerRequest))
#1 D:\xampp81\htdocs\slim_paranomi\vendor\slim\slim\Slim\MiddlewareDispatcher.php(129): Slim\Middleware\RoutingMiddleware->process(Object(GuzzleHttp\Psr7\ServerRequest), Object(Slim\Routing\RouteRunner))
#2 D:\xampp81\htdocs\slim_paranomi\vendor\slim\slim\Slim\Middleware\ErrorMiddleware.php(77): Psr\Http\Server\RequestHandlerInterface@anonymous->handle(Object(GuzzleHttp\Psr7\ServerRequest))
#3 D:\xampp81\htdocs\slim_paranomi\vendor\slim\slim\Slim\MiddlewareDispatcher.php(129): Slim\Middleware\ErrorMiddleware->process(Object(GuzzleHttp\Psr7\ServerRequest), Object(Psr\Http\Server\RequestHandlerInterface@anonymous))
#4 D:\xampp81\htdocs\slim_paranomi\vendor\slim\slim\Slim\MiddlewareDispatcher.php(73): Psr\Http\Server\RequestHandlerInterface@anonymous->handle(Object(GuzzleHttp\Psr7\ServerRequest))
#5 D:\xampp81\htdocs\slim_paranomi\vendor\slim\slim\Slim\App.php(209): Slim\MiddlewareDispatcher->handle(Object(GuzzleHttp\Psr7\ServerRequest))
#6 D:\xampp81\htdocs\slim_paranomi\vendor\slim\slim\Slim\App.php(193): Slim\App->handle(Object(GuzzleHttp\Psr7\ServerRequest))
#7 D:\xampp81\htdocs\slim_paranomi\public\index.php(31): Slim\App->run()
#8 {main}
[13-Mar-2025 03:24:21 UTC] 404 Not Found
Type: Slim\Exception\HttpNotFoundException
Code: 404
Message: Not found.
File: D:\xampp81\htdocs\slim_paranomi\vendor\slim\slim\Slim\Middleware\RoutingMiddleware.php
Line: 76
Trace: #0 D:\xampp81\htdocs\slim_paranomi\vendor\slim\slim\Slim\Middleware\RoutingMiddleware.php(44): Slim\Middleware\RoutingMiddleware->performRouting(Object(GuzzleHttp\Psr7\ServerRequest))
#1 D:\xampp81\htdocs\slim_paranomi\vendor\slim\slim\Slim\MiddlewareDispatcher.php(129): Slim\Middleware\RoutingMiddleware->process(Object(GuzzleHttp\Psr7\ServerRequest), Object(Slim\Routing\RouteRunner))
#2 D:\xampp81\htdocs\slim_paranomi\vendor\slim\slim\Slim\Middleware\ErrorMiddleware.php(77): Psr\Http\Server\RequestHandlerInterface@anonymous->handle(Object(GuzzleHttp\Psr7\ServerRequest))
#3 D:\xampp81\htdocs\slim_paranomi\vendor\slim\slim\Slim\MiddlewareDispatcher.php(129): Slim\Middleware\ErrorMiddleware->process(Object(GuzzleHttp\Psr7\ServerRequest), Object(Psr\Http\Server\RequestHandlerInterface@anonymous))
#4 D:\xampp81\htdocs\slim_paranomi\vendor\slim\slim\Slim\MiddlewareDispatcher.php(73): Psr\Http\Server\RequestHandlerInterface@anonymous->handle(Object(GuzzleHttp\Psr7\ServerRequest))
#5 D:\xampp81\htdocs\slim_paranomi\vendor\slim\slim\Slim\App.php(209): Slim\MiddlewareDispatcher->handle(Object(GuzzleHttp\Psr7\ServerRequest))
#6 D:\xampp81\htdocs\slim_paranomi\vendor\slim\slim\Slim\App.php(193): Slim\App->handle(Object(GuzzleHttp\Psr7\ServerRequest))
#7 D:\xampp81\htdocs\slim_paranomi\public\index.php(31): Slim\App->run()
#8 {main}
[13-Mar-2025 03:29:06 UTC] Slim Application Error
Type: RuntimeException
Code: 0
Message: Callable App\Controllers\AuthController::login() does not exist
File: D:\xampp81\htdocs\slim_paranomi\vendor\slim\slim\Slim\CallableResolver.php
Line: 144
Trace: #0 D:\xampp81\htdocs\slim_paranomi\vendor\slim\slim\Slim\CallableResolver.php(97): Slim\CallableResolver->resolveSlimNotation('App\\Controllers...')
#1 D:\xampp81\htdocs\slim_paranomi\vendor\slim\slim\Slim\CallableResolver.php(70): Slim\CallableResolver->resolveByPredicate('App\\Controllers...', Array, 'handle')
#2 D:\xampp81\htdocs\slim_paranomi\vendor\slim\slim\Slim\Routing\Route.php(345): Slim\CallableResolver->resolveRoute(Array)
#3 D:\xampp81\htdocs\slim_paranomi\vendor\slim\slim\Slim\MiddlewareDispatcher.php(73): Slim\Routing\Route->handle(Object(GuzzleHttp\Psr7\ServerRequest))
#4 D:\xampp81\htdocs\slim_paranomi\vendor\slim\slim\Slim\MiddlewareDispatcher.php(73): Slim\MiddlewareDispatcher->handle(Object(GuzzleHttp\Psr7\ServerRequest))
#5 D:\xampp81\htdocs\slim_paranomi\vendor\slim\slim\Slim\Routing\Route.php(321): Slim\MiddlewareDispatcher->handle(Object(GuzzleHttp\Psr7\ServerRequest))
#6 D:\xampp81\htdocs\slim_paranomi\vendor\slim\slim\Slim\Routing\RouteRunner.php(74): Slim\Routing\Route->run(Object(GuzzleHttp\Psr7\ServerRequest))
#7 D:\xampp81\htdocs\slim_paranomi\vendor\slim\slim\Slim\Middleware\RoutingMiddleware.php(45): Slim\Routing\RouteRunner->handle(Object(GuzzleHttp\Psr7\ServerRequest))
#8 D:\xampp81\htdocs\slim_paranomi\vendor\slim\slim\Slim\MiddlewareDispatcher.php(129): Slim\Middleware\RoutingMiddleware->process(Object(GuzzleHttp\Psr7\ServerRequest), Object(Slim\Routing\RouteRunner))
#9 D:\xampp81\htdocs\slim_paranomi\vendor\slim\slim\Slim\Middleware\ErrorMiddleware.php(77): Psr\Http\Server\RequestHandlerInterface@anonymous->handle(Object(GuzzleHttp\Psr7\ServerRequest))
#10 D:\xampp81\htdocs\slim_paranomi\vendor\slim\slim\Slim\MiddlewareDispatcher.php(129): Slim\Middleware\ErrorMiddleware->process(Object(GuzzleHttp\Psr7\ServerRequest), Object(Psr\Http\Server\RequestHandlerInterface@anonymous))
#11 D:\xampp81\htdocs\slim_paranomi\vendor\slim\slim\Slim\MiddlewareDispatcher.php(73): Psr\Http\Server\RequestHandlerInterface@anonymous->handle(Object(GuzzleHttp\Psr7\ServerRequest))
#12 D:\xampp81\htdocs\slim_paranomi\vendor\slim\slim\Slim\App.php(209): Slim\MiddlewareDispatcher->handle(Object(GuzzleHttp\Psr7\ServerRequest))
#13 D:\xampp81\htdocs\slim_paranomi\vendor\slim\slim\Slim\App.php(193): Slim\App->handle(Object(GuzzleHttp\Psr7\ServerRequest))
#14 D:\xampp81\htdocs\slim_paranomi\public\index.php(31): Slim\App->run()
#15 {main}
[13-Mar-2025 03:29:36 UTC] Slim Application Error
Type: RuntimeException
Code: 0
Message: Callable App\Controllers\AuthController::login() does not exist
File: D:\xampp81\htdocs\slim_paranomi\vendor\slim\slim\Slim\CallableResolver.php
Line: 144
Trace: #0 D:\xampp81\htdocs\slim_paranomi\vendor\slim\slim\Slim\CallableResolver.php(97): Slim\CallableResolver->resolveSlimNotation('App\\Controllers...')
#1 D:\xampp81\htdocs\slim_paranomi\vendor\slim\slim\Slim\CallableResolver.php(70): Slim\CallableResolver->resolveByPredicate('App\\Controllers...', Array, 'handle')
#2 D:\xampp81\htdocs\slim_paranomi\vendor\slim\slim\Slim\Routing\Route.php(345): Slim\CallableResolver->resolveRoute(Array)
#3 D:\xampp81\htdocs\slim_paranomi\vendor\slim\slim\Slim\MiddlewareDispatcher.php(73): Slim\Routing\Route->handle(Object(GuzzleHttp\Psr7\ServerRequest))
#4 D:\xampp81\htdocs\slim_paranomi\vendor\slim\slim\Slim\MiddlewareDispatcher.php(73): Slim\MiddlewareDispatcher->handle(Object(GuzzleHttp\Psr7\ServerRequest))
#5 D:\xampp81\htdocs\slim_paranomi\vendor\slim\slim\Slim\Routing\Route.php(321): Slim\MiddlewareDispatcher->handle(Object(GuzzleHttp\Psr7\ServerRequest))
#6 D:\xampp81\htdocs\slim_paranomi\vendor\slim\slim\Slim\Routing\RouteRunner.php(74): Slim\Routing\Route->run(Object(GuzzleHttp\Psr7\ServerRequest))
#7 D:\xampp81\htdocs\slim_paranomi\vendor\slim\slim\Slim\Middleware\RoutingMiddleware.php(45): Slim\Routing\RouteRunner->handle(Object(GuzzleHttp\Psr7\ServerRequest))
#8 D:\xampp81\htdocs\slim_paranomi\vendor\slim\slim\Slim\MiddlewareDispatcher.php(129): Slim\Middleware\RoutingMiddleware->process(Object(GuzzleHttp\Psr7\ServerRequest), Object(Slim\Routing\RouteRunner))
#9 D:\xampp81\htdocs\slim_paranomi\vendor\slim\slim\Slim\Middleware\ErrorMiddleware.php(77): Psr\Http\Server\RequestHandlerInterface@anonymous->handle(Object(GuzzleHttp\Psr7\ServerRequest))
#10 D:\xampp81\htdocs\slim_paranomi\vendor\slim\slim\Slim\MiddlewareDispatcher.php(129): Slim\Middleware\ErrorMiddleware->process(Object(GuzzleHttp\Psr7\ServerRequest), Object(Psr\Http\Server\RequestHandlerInterface@anonymous))
#11 D:\xampp81\htdocs\slim_paranomi\vendor\slim\slim\Slim\MiddlewareDispatcher.php(73): Psr\Http\Server\RequestHandlerInterface@anonymous->handle(Object(GuzzleHttp\Psr7\ServerRequest))
#12 D:\xampp81\htdocs\slim_paranomi\vendor\slim\slim\Slim\App.php(209): Slim\MiddlewareDispatcher->handle(Object(GuzzleHttp\Psr7\ServerRequest))
#13 D:\xampp81\htdocs\slim_paranomi\vendor\slim\slim\Slim\App.php(193): Slim\App->handle(Object(GuzzleHttp\Psr7\ServerRequest))
#14 D:\xampp81\htdocs\slim_paranomi\public\index.php(31): Slim\App->run()
#15 {main}
[13-Mar-2025 03:31:01 UTC] ✅ Kullanıcı girişi başarılı! Token ve bilgiler döndürülüyor.
[13-Mar-2025 03:31:02 UTC] 404 Not Found
Type: Slim\Exception\HttpNotFoundException
Code: 404
Message: Not found.
File: D:\xampp81\htdocs\slim_paranomi\vendor\slim\slim\Slim\Middleware\RoutingMiddleware.php
Line: 76
Trace: #0 D:\xampp81\htdocs\slim_paranomi\vendor\slim\slim\Slim\Middleware\RoutingMiddleware.php(44): Slim\Middleware\RoutingMiddleware->performRouting(Object(GuzzleHttp\Psr7\ServerRequest))
#1 D:\xampp81\htdocs\slim_paranomi\vendor\slim\slim\Slim\MiddlewareDispatcher.php(129): Slim\Middleware\RoutingMiddleware->process(Object(GuzzleHttp\Psr7\ServerRequest), Object(Slim\Routing\RouteRunner))
#2 D:\xampp81\htdocs\slim_paranomi\vendor\slim\slim\Slim\Middleware\ErrorMiddleware.php(77): Psr\Http\Server\RequestHandlerInterface@anonymous->handle(Object(GuzzleHttp\Psr7\ServerRequest))
#3 D:\xampp81\htdocs\slim_paranomi\vendor\slim\slim\Slim\MiddlewareDispatcher.php(129): Slim\Middleware\ErrorMiddleware->process(Object(GuzzleHttp\Psr7\ServerRequest), Object(Psr\Http\Server\RequestHandlerInterface@anonymous))
#4 D:\xampp81\htdocs\slim_paranomi\vendor\slim\slim\Slim\MiddlewareDispatcher.php(73): Psr\Http\Server\RequestHandlerInterface@anonymous->handle(Object(GuzzleHttp\Psr7\ServerRequest))
#5 D:\xampp81\htdocs\slim_paranomi\vendor\slim\slim\Slim\App.php(209): Slim\MiddlewareDispatcher->handle(Object(GuzzleHttp\Psr7\ServerRequest))
#6 D:\xampp81\htdocs\slim_paranomi\vendor\slim\slim\Slim\App.php(193): Slim\App->handle(Object(GuzzleHttp\Psr7\ServerRequest))
#7 D:\xampp81\htdocs\slim_paranomi\public\index.php(31): Slim\App->run()
#8 {main}
[13-Mar-2025 03:31:02 UTC] 404 Not Found
Type: Slim\Exception\HttpNotFoundException
Code: 404
Message: Not found.
File: D:\xampp81\htdocs\slim_paranomi\vendor\slim\slim\Slim\Middleware\RoutingMiddleware.php
Line: 76
Trace: #0 D:\xampp81\htdocs\slim_paranomi\vendor\slim\slim\Slim\Middleware\RoutingMiddleware.php(44): Slim\Middleware\RoutingMiddleware->performRouting(Object(GuzzleHttp\Psr7\ServerRequest))
#1 D:\xampp81\htdocs\slim_paranomi\vendor\slim\slim\Slim\MiddlewareDispatcher.php(129): Slim\Middleware\RoutingMiddleware->process(Object(GuzzleHttp\Psr7\ServerRequest), Object(Slim\Routing\RouteRunner))
#2 D:\xampp81\htdocs\slim_paranomi\vendor\slim\slim\Slim\Middleware\ErrorMiddleware.php(77): Psr\Http\Server\RequestHandlerInterface@anonymous->handle(Object(GuzzleHttp\Psr7\ServerRequest))
#3 D:\xampp81\htdocs\slim_paranomi\vendor\slim\slim\Slim\MiddlewareDispatcher.php(129): Slim\Middleware\ErrorMiddleware->process(Object(GuzzleHttp\Psr7\ServerRequest), Object(Psr\Http\Server\RequestHandlerInterface@anonymous))
#4 D:\xampp81\htdocs\slim_paranomi\vendor\slim\slim\Slim\MiddlewareDispatcher.php(73): Psr\Http\Server\RequestHandlerInterface@anonymous->handle(Object(GuzzleHttp\Psr7\ServerRequest))
#5 D:\xampp81\htdocs\slim_paranomi\vendor\slim\slim\Slim\App.php(209): Slim\MiddlewareDispatcher->handle(Object(GuzzleHttp\Psr7\ServerRequest))
#6 D:\xampp81\htdocs\slim_paranomi\vendor\slim\slim\Slim\App.php(193): Slim\App->handle(Object(GuzzleHttp\Psr7\ServerRequest))
#7 D:\xampp81\htdocs\slim_paranomi\public\index.php(31): Slim\App->run()
#8 {main}
[13-Mar-2025 03:31:38 UTC] ✅ Kullanıcı girişi başarılı! Token ve bilgiler döndürülüyor.
[13-Mar-2025 03:32:48 UTC] ✅ Kullanıcı girişi başarılı! Token ve bilgiler döndürülüyor.
[13-Mar-2025 03:32:49 UTC] 404 Not Found
Type: Slim\Exception\HttpNotFoundException
Code: 404
Message: Not found.
File: D:\xampp81\htdocs\slim_paranomi\vendor\slim\slim\Slim\Middleware\RoutingMiddleware.php
Line: 76
Trace: #0 D:\xampp81\htdocs\slim_paranomi\vendor\slim\slim\Slim\Middleware\RoutingMiddleware.php(44): Slim\Middleware\RoutingMiddleware->performRouting(Object(GuzzleHttp\Psr7\ServerRequest))
#1 D:\xampp81\htdocs\slim_paranomi\vendor\slim\slim\Slim\MiddlewareDispatcher.php(129): Slim\Middleware\RoutingMiddleware->process(Object(GuzzleHttp\Psr7\ServerRequest), Object(Slim\Routing\RouteRunner))
#2 D:\xampp81\htdocs\slim_paranomi\vendor\slim\slim\Slim\Middleware\ErrorMiddleware.php(77): Psr\Http\Server\RequestHandlerInterface@anonymous->handle(Object(GuzzleHttp\Psr7\ServerRequest))
#3 D:\xampp81\htdocs\slim_paranomi\vendor\slim\slim\Slim\MiddlewareDispatcher.php(129): Slim\Middleware\ErrorMiddleware->process(Object(GuzzleHttp\Psr7\ServerRequest), Object(Psr\Http\Server\RequestHandlerInterface@anonymous))
#4 D:\xampp81\htdocs\slim_paranomi\vendor\slim\slim\Slim\MiddlewareDispatcher.php(73): Psr\Http\Server\RequestHandlerInterface@anonymous->handle(Object(GuzzleHttp\Psr7\ServerRequest))
#5 D:\xampp81\htdocs\slim_paranomi\vendor\slim\slim\Slim\App.php(209): Slim\MiddlewareDispatcher->handle(Object(GuzzleHttp\Psr7\ServerRequest))
#6 D:\xampp81\htdocs\slim_paranomi\vendor\slim\slim\Slim\App.php(193): Slim\App->handle(Object(GuzzleHttp\Psr7\ServerRequest))
#7 D:\xampp81\htdocs\slim_paranomi\public\index.php(31): Slim\App->run()
#8 {main}
[13-Mar-2025 03:32:49 UTC] 404 Not Found
Type: Slim\Exception\HttpNotFoundException
Code: 404
Message: Not found.
File: D:\xampp81\htdocs\slim_paranomi\vendor\slim\slim\Slim\Middleware\RoutingMiddleware.php
Line: 76
Trace: #0 D:\xampp81\htdocs\slim_paranomi\vendor\slim\slim\Slim\Middleware\RoutingMiddleware.php(44): Slim\Middleware\RoutingMiddleware->performRouting(Object(GuzzleHttp\Psr7\ServerRequest))
#1 D:\xampp81\htdocs\slim_paranomi\vendor\slim\slim\Slim\MiddlewareDispatcher.php(129): Slim\Middleware\RoutingMiddleware->process(Object(GuzzleHttp\Psr7\ServerRequest), Object(Slim\Routing\RouteRunner))
#2 D:\xampp81\htdocs\slim_paranomi\vendor\slim\slim\Slim\Middleware\ErrorMiddleware.php(77): Psr\Http\Server\RequestHandlerInterface@anonymous->handle(Object(GuzzleHttp\Psr7\ServerRequest))
#3 D:\xampp81\htdocs\slim_paranomi\vendor\slim\slim\Slim\MiddlewareDispatcher.php(129): Slim\Middleware\ErrorMiddleware->process(Object(GuzzleHttp\Psr7\ServerRequest), Object(Psr\Http\Server\RequestHandlerInterface@anonymous))
#4 D:\xampp81\htdocs\slim_paranomi\vendor\slim\slim\Slim\MiddlewareDispatcher.php(73): Psr\Http\Server\RequestHandlerInterface@anonymous->handle(Object(GuzzleHttp\Psr7\ServerRequest))
#5 D:\xampp81\htdocs\slim_paranomi\vendor\slim\slim\Slim\App.php(209): Slim\MiddlewareDispatcher->handle(Object(GuzzleHttp\Psr7\ServerRequest))
#6 D:\xampp81\htdocs\slim_paranomi\vendor\slim\slim\Slim\App.php(193): Slim\App->handle(Object(GuzzleHttp\Psr7\ServerRequest))
#7 D:\xampp81\htdocs\slim_paranomi\public\index.php(31): Slim\App->run()
#8 {main}
[13-Mar-2025 03:33:14 UTC] ✅ Kullanıcı girişi başarılı! Token ve bilgiler döndürülüyor.
[13-Mar-2025 03:33:15 UTC] 404 Not Found
Type: Slim\Exception\HttpNotFoundException
Code: 404
Message: Not found.
File: D:\xampp81\htdocs\slim_paranomi\vendor\slim\slim\Slim\Middleware\RoutingMiddleware.php
Line: 76
Trace: #0 D:\xampp81\htdocs\slim_paranomi\vendor\slim\slim\Slim\Middleware\RoutingMiddleware.php(44): Slim\Middleware\RoutingMiddleware->performRouting(Object(GuzzleHttp\Psr7\ServerRequest))
#1 D:\xampp81\htdocs\slim_paranomi\vendor\slim\slim\Slim\MiddlewareDispatcher.php(129): Slim\Middleware\RoutingMiddleware->process(Object(GuzzleHttp\Psr7\ServerRequest), Object(Slim\Routing\RouteRunner))
#2 D:\xampp81\htdocs\slim_paranomi\vendor\slim\slim\Slim\Middleware\ErrorMiddleware.php(77): Psr\Http\Server\RequestHandlerInterface@anonymous->handle(Object(GuzzleHttp\Psr7\ServerRequest))
#3 D:\xampp81\htdocs\slim_paranomi\vendor\slim\slim\Slim\MiddlewareDispatcher.php(129): Slim\Middleware\ErrorMiddleware->process(Object(GuzzleHttp\Psr7\ServerRequest), Object(Psr\Http\Server\RequestHandlerInterface@anonymous))
#4 D:\xampp81\htdocs\slim_paranomi\vendor\slim\slim\Slim\MiddlewareDispatcher.php(73): Psr\Http\Server\RequestHandlerInterface@anonymous->handle(Object(GuzzleHttp\Psr7\ServerRequest))
#5 D:\xampp81\htdocs\slim_paranomi\vendor\slim\slim\Slim\App.php(209): Slim\MiddlewareDispatcher->handle(Object(GuzzleHttp\Psr7\ServerRequest))
#6 D:\xampp81\htdocs\slim_paranomi\vendor\slim\slim\Slim\App.php(193): Slim\App->handle(Object(GuzzleHttp\Psr7\ServerRequest))
#7 D:\xampp81\htdocs\slim_paranomi\public\index.php(31): Slim\App->run()
#8 {main}
[13-Mar-2025 03:33:15 UTC] 404 Not Found
Type: Slim\Exception\HttpNotFoundException
Code: 404
Message: Not found.
File: D:\xampp81\htdocs\slim_paranomi\vendor\slim\slim\Slim\Middleware\RoutingMiddleware.php
Line: 76
Trace: #0 D:\xampp81\htdocs\slim_paranomi\vendor\slim\slim\Slim\Middleware\RoutingMiddleware.php(44): Slim\Middleware\RoutingMiddleware->performRouting(Object(GuzzleHttp\Psr7\ServerRequest))
#1 D:\xampp81\htdocs\slim_paranomi\vendor\slim\slim\Slim\MiddlewareDispatcher.php(129): Slim\Middleware\RoutingMiddleware->process(Object(GuzzleHttp\Psr7\ServerRequest), Object(Slim\Routing\RouteRunner))
#2 D:\xampp81\htdocs\slim_paranomi\vendor\slim\slim\Slim\Middleware\ErrorMiddleware.php(77): Psr\Http\Server\RequestHandlerInterface@anonymous->handle(Object(GuzzleHttp\Psr7\ServerRequest))
#3 D:\xampp81\htdocs\slim_paranomi\vendor\slim\slim\Slim\MiddlewareDispatcher.php(129): Slim\Middleware\ErrorMiddleware->process(Object(GuzzleHttp\Psr7\ServerRequest), Object(Psr\Http\Server\RequestHandlerInterface@anonymous))
#4 D:\xampp81\htdocs\slim_paranomi\vendor\slim\slim\Slim\MiddlewareDispatcher.php(73): Psr\Http\Server\RequestHandlerInterface@anonymous->handle(Object(GuzzleHttp\Psr7\ServerRequest))
#5 D:\xampp81\htdocs\slim_paranomi\vendor\slim\slim\Slim\App.php(209): Slim\MiddlewareDispatcher->handle(Object(GuzzleHttp\Psr7\ServerRequest))
#6 D:\xampp81\htdocs\slim_paranomi\vendor\slim\slim\Slim\App.php(193): Slim\App->handle(Object(GuzzleHttp\Psr7\ServerRequest))
#7 D:\xampp81\htdocs\slim_paranomi\public\index.php(31): Slim\App->run()
#8 {main}
[13-Mar-2025 03:34:28 UTC] ✅ Kullanıcı girişi başarılı! Token ve bilgiler döndürülüyor.
[13-Mar-2025 03:34:29 UTC] 405 Method Not Allowed
Type: Slim\Exception\HttpMethodNotAllowedException
Code: 405
Message: Method not allowed. Must be one of: POST
File: D:\xampp81\htdocs\slim_paranomi\vendor\slim\slim\Slim\Middleware\RoutingMiddleware.php
Line: 79
Trace: #0 D:\xampp81\htdocs\slim_paranomi\vendor\slim\slim\Slim\Middleware\RoutingMiddleware.php(44): Slim\Middleware\RoutingMiddleware->performRouting(Object(GuzzleHttp\Psr7\ServerRequest))
#1 D:\xampp81\htdocs\slim_paranomi\vendor\slim\slim\Slim\MiddlewareDispatcher.php(129): Slim\Middleware\RoutingMiddleware->process(Object(GuzzleHttp\Psr7\ServerRequest), Object(Slim\Routing\RouteRunner))
#2 D:\xampp81\htdocs\slim_paranomi\vendor\slim\slim\Slim\Middleware\ErrorMiddleware.php(77): Psr\Http\Server\RequestHandlerInterface@anonymous->handle(Object(GuzzleHttp\Psr7\ServerRequest))
#3 D:\xampp81\htdocs\slim_paranomi\vendor\slim\slim\Slim\MiddlewareDispatcher.php(129): Slim\Middleware\ErrorMiddleware->process(Object(GuzzleHttp\Psr7\ServerRequest), Object(Psr\Http\Server\RequestHandlerInterface@anonymous))
#4 D:\xampp81\htdocs\slim_paranomi\vendor\slim\slim\Slim\MiddlewareDispatcher.php(73): Psr\Http\Server\RequestHandlerInterface@anonymous->handle(Object(GuzzleHttp\Psr7\ServerRequest))
#5 D:\xampp81\htdocs\slim_paranomi\vendor\slim\slim\Slim\App.php(209): Slim\MiddlewareDispatcher->handle(Object(GuzzleHttp\Psr7\ServerRequest))
#6 D:\xampp81\htdocs\slim_paranomi\vendor\slim\slim\Slim\App.php(193): Slim\App->handle(Object(GuzzleHttp\Psr7\ServerRequest))
#7 D:\xampp81\htdocs\slim_paranomi\public\index.php(31): Slim\App->run()
#8 {main}
[13-Mar-2025 03:34:29 UTC] 405 Method Not Allowed
Type: Slim\Exception\HttpMethodNotAllowedException
Code: 405
Message: Method not allowed. Must be one of: POST
File: D:\xampp81\htdocs\slim_paranomi\vendor\slim\slim\Slim\Middleware\RoutingMiddleware.php
Line: 79
Trace: #0 D:\xampp81\htdocs\slim_paranomi\vendor\slim\slim\Slim\Middleware\RoutingMiddleware.php(44): Slim\Middleware\RoutingMiddleware->performRouting(Object(GuzzleHttp\Psr7\ServerRequest))
#1 D:\xampp81\htdocs\slim_paranomi\vendor\slim\slim\Slim\MiddlewareDispatcher.php(129): Slim\Middleware\RoutingMiddleware->process(Object(GuzzleHttp\Psr7\ServerRequest), Object(Slim\Routing\RouteRunner))
#2 D:\xampp81\htdocs\slim_paranomi\vendor\slim\slim\Slim\Middleware\ErrorMiddleware.php(77): Psr\Http\Server\RequestHandlerInterface@anonymous->handle(Object(GuzzleHttp\Psr7\ServerRequest))
#3 D:\xampp81\htdocs\slim_paranomi\vendor\slim\slim\Slim\MiddlewareDispatcher.php(129): Slim\Middleware\ErrorMiddleware->process(Object(GuzzleHttp\Psr7\ServerRequest), Object(Psr\Http\Server\RequestHandlerInterface@anonymous))
#4 D:\xampp81\htdocs\slim_paranomi\vendor\slim\slim\Slim\MiddlewareDispatcher.php(73): Psr\Http\Server\RequestHandlerInterface@anonymous->handle(Object(GuzzleHttp\Psr7\ServerRequest))
#5 D:\xampp81\htdocs\slim_paranomi\vendor\slim\slim\Slim\App.php(209): Slim\MiddlewareDispatcher->handle(Object(GuzzleHttp\Psr7\ServerRequest))
#6 D:\xampp81\htdocs\slim_paranomi\vendor\slim\slim\Slim\App.php(193): Slim\App->handle(Object(GuzzleHttp\Psr7\ServerRequest))
#7 D:\xampp81\htdocs\slim_paranomi\public\index.php(31): Slim\App->run()
#8 {main}
[13-Mar-2025 03:35:57 UTC] ✅ Kullanıcı girişi başarılı! Token ve bilgiler döndürülüyor.
[13-Mar-2025 03:37:28 UTC] ✅ Kullanıcı girişi başarılı! Token ve bilgiler döndürülüyor.
[13-Mar-2025 03:37:29 UTC] 405 Method Not Allowed
Type: Slim\Exception\HttpMethodNotAllowedException
Code: 405
Message: Method not allowed. Must be one of: POST
File: D:\xampp81\htdocs\slim_paranomi\vendor\slim\slim\Slim\Middleware\RoutingMiddleware.php
Line: 79
Trace: #0 D:\xampp81\htdocs\slim_paranomi\vendor\slim\slim\Slim\Middleware\RoutingMiddleware.php(44): Slim\Middleware\RoutingMiddleware->performRouting(Object(GuzzleHttp\Psr7\ServerRequest))
#1 D:\xampp81\htdocs\slim_paranomi\vendor\slim\slim\Slim\MiddlewareDispatcher.php(129): Slim\Middleware\RoutingMiddleware->process(Object(GuzzleHttp\Psr7\ServerRequest), Object(Slim\Routing\RouteRunner))
#2 D:\xampp81\htdocs\slim_paranomi\vendor\slim\slim\Slim\Middleware\ErrorMiddleware.php(77): Psr\Http\Server\RequestHandlerInterface@anonymous->handle(Object(GuzzleHttp\Psr7\ServerRequest))
#3 D:\xampp81\htdocs\slim_paranomi\vendor\slim\slim\Slim\MiddlewareDispatcher.php(129): Slim\Middleware\ErrorMiddleware->process(Object(GuzzleHttp\Psr7\ServerRequest), Object(Psr\Http\Server\RequestHandlerInterface@anonymous))
#4 D:\xampp81\htdocs\slim_paranomi\vendor\slim\slim\Slim\MiddlewareDispatcher.php(73): Psr\Http\Server\RequestHandlerInterface@anonymous->handle(Object(GuzzleHttp\Psr7\ServerRequest))
#5 D:\xampp81\htdocs\slim_paranomi\vendor\slim\slim\Slim\App.php(209): Slim\MiddlewareDispatcher->handle(Object(GuzzleHttp\Psr7\ServerRequest))
#6 D:\xampp81\htdocs\slim_paranomi\vendor\slim\slim\Slim\App.php(193): Slim\App->handle(Object(GuzzleHttp\Psr7\ServerRequest))
#7 D:\xampp81\htdocs\slim_paranomi\public\index.php(31): Slim\App->run()
#8 {main}
[13-Mar-2025 03:37:29 UTC] ❌ Eksik alanlar var!
[13-Mar-2025 03:38:15 UTC] 405 Method Not Allowed
Type: Slim\Exception\HttpMethodNotAllowedException
Code: 405
Message: Method not allowed. Must be one of: POST
File: D:\xampp81\htdocs\slim_paranomi\vendor\slim\slim\Slim\Middleware\RoutingMiddleware.php
Line: 79
Trace: #0 D:\xampp81\htdocs\slim_paranomi\vendor\slim\slim\Slim\Middleware\RoutingMiddleware.php(44): Slim\Middleware\RoutingMiddleware->performRouting(Object(GuzzleHttp\Psr7\ServerRequest))
#1 D:\xampp81\htdocs\slim_paranomi\vendor\slim\slim\Slim\MiddlewareDispatcher.php(129): Slim\Middleware\RoutingMiddleware->process(Object(GuzzleHttp\Psr7\ServerRequest), Object(Slim\Routing\RouteRunner))
#2 D:\xampp81\htdocs\slim_paranomi\vendor\slim\slim\Slim\Middleware\ErrorMiddleware.php(77): Psr\Http\Server\RequestHandlerInterface@anonymous->handle(Object(GuzzleHttp\Psr7\ServerRequest))
#3 D:\xampp81\htdocs\slim_paranomi\vendor\slim\slim\Slim\MiddlewareDispatcher.php(129): Slim\Middleware\ErrorMiddleware->process(Object(GuzzleHttp\Psr7\ServerRequest), Object(Psr\Http\Server\RequestHandlerInterface@anonymous))
#4 D:\xampp81\htdocs\slim_paranomi\vendor\slim\slim\Slim\MiddlewareDispatcher.php(73): Psr\Http\Server\RequestHandlerInterface@anonymous->handle(Object(GuzzleHttp\Psr7\ServerRequest))
#5 D:\xampp81\htdocs\slim_paranomi\vendor\slim\slim\Slim\App.php(209): Slim\MiddlewareDispatcher->handle(Object(GuzzleHttp\Psr7\ServerRequest))
#6 D:\xampp81\htdocs\slim_paranomi\vendor\slim\slim\Slim\App.php(193): Slim\App->handle(Object(GuzzleHttp\Psr7\ServerRequest))
#7 D:\xampp81\htdocs\slim_paranomi\public\index.php(31): Slim\App->run()
#8 {main}
[13-Mar-2025 03:38:15 UTC] Slim Application Error
Type: TypeError
Code: 0
Message: Slim\Handlers\Strategies\RequestResponse::__invoke(): Return value must be of type Psr\Http\Message\ResponseInterface, int returned
File: D:\xampp81\htdocs\slim_paranomi\vendor\slim\slim\Slim\Handlers\Strategies\RequestResponse.php
Line: 38
Trace: #0 D:\xampp81\htdocs\slim_paranomi\vendor\slim\slim\Slim\Routing\Route.php(363): Slim\Handlers\Strategies\RequestResponse->__invoke(Array, Object(GuzzleHttp\Psr7\ServerRequest), Object(GuzzleHttp\Psr7\Response), Array)
#1 D:\xampp81\htdocs\slim_paranomi\vendor\slim\slim\Slim\MiddlewareDispatcher.php(73): Slim\Routing\Route->handle(Object(GuzzleHttp\Psr7\ServerRequest))
#2 D:\xampp81\htdocs\slim_paranomi\vendor\slim\slim\Slim\MiddlewareDispatcher.php(73): Slim\MiddlewareDispatcher->handle(Object(GuzzleHttp\Psr7\ServerRequest))
#3 D:\xampp81\htdocs\slim_paranomi\vendor\slim\slim\Slim\Routing\Route.php(321): Slim\MiddlewareDispatcher->handle(Object(GuzzleHttp\Psr7\ServerRequest))
#4 D:\xampp81\htdocs\slim_paranomi\vendor\slim\slim\Slim\Routing\RouteRunner.php(74): Slim\Routing\Route->run(Object(GuzzleHttp\Psr7\ServerRequest))
#5 D:\xampp81\htdocs\slim_paranomi\vendor\slim\slim\Slim\Middleware\RoutingMiddleware.php(45): Slim\Routing\RouteRunner->handle(Object(GuzzleHttp\Psr7\ServerRequest))
#6 D:\xampp81\htdocs\slim_paranomi\vendor\slim\slim\Slim\MiddlewareDispatcher.php(129): Slim\Middleware\RoutingMiddleware->process(Object(GuzzleHttp\Psr7\ServerRequest), Object(Slim\Routing\RouteRunner))
#7 D:\xampp81\htdocs\slim_paranomi\vendor\slim\slim\Slim\Middleware\ErrorMiddleware.php(77): Psr\Http\Server\RequestHandlerInterface@anonymous->handle(Object(GuzzleHttp\Psr7\ServerRequest))
#8 D:\xampp81\htdocs\slim_paranomi\vendor\slim\slim\Slim\MiddlewareDispatcher.php(129): Slim\Middleware\ErrorMiddleware->process(Object(GuzzleHttp\Psr7\ServerRequest), Object(Psr\Http\Server\RequestHandlerInterface@anonymous))
#9 D:\xampp81\htdocs\slim_paranomi\vendor\slim\slim\Slim\MiddlewareDispatcher.php(73): Psr\Http\Server\RequestHandlerInterface@anonymous->handle(Object(GuzzleHttp\Psr7\ServerRequest))
#10 D:\xampp81\htdocs\slim_paranomi\vendor\slim\slim\Slim\App.php(209): Slim\MiddlewareDispatcher->handle(Object(GuzzleHttp\Psr7\ServerRequest))
#11 D:\xampp81\htdocs\slim_paranomi\vendor\slim\slim\Slim\App.php(193): Slim\App->handle(Object(GuzzleHttp\Psr7\ServerRequest))
#12 D:\xampp81\htdocs\slim_paranomi\public\index.php(31): Slim\App->run()
#13 {main}
[13-Mar-2025 03:42:02 UTC] 405 Method Not Allowed
Type: Slim\Exception\HttpMethodNotAllowedException
Code: 405
Message: Method not allowed. Must be one of: POST
File: D:\xampp81\htdocs\slim_paranomi\vendor\slim\slim\Slim\Middleware\RoutingMiddleware.php
Line: 79
Trace: #0 D:\xampp81\htdocs\slim_paranomi\vendor\slim\slim\Slim\Middleware\RoutingMiddleware.php(44): Slim\Middleware\RoutingMiddleware->performRouting(Object(GuzzleHttp\Psr7\ServerRequest))
#1 D:\xampp81\htdocs\slim_paranomi\vendor\slim\slim\Slim\MiddlewareDispatcher.php(129): Slim\Middleware\RoutingMiddleware->process(Object(GuzzleHttp\Psr7\ServerRequest), Object(Slim\Routing\RouteRunner))
#2 D:\xampp81\htdocs\slim_paranomi\vendor\slim\slim\Slim\Middleware\ErrorMiddleware.php(77): Psr\Http\Server\RequestHandlerInterface@anonymous->handle(Object(GuzzleHttp\Psr7\ServerRequest))
#3 D:\xampp81\htdocs\slim_paranomi\vendor\slim\slim\Slim\MiddlewareDispatcher.php(129): Slim\Middleware\ErrorMiddleware->process(Object(GuzzleHttp\Psr7\ServerRequest), Object(Psr\Http\Server\RequestHandlerInterface@anonymous))
#4 D:\xampp81\htdocs\slim_paranomi\vendor\slim\slim\Slim\MiddlewareDispatcher.php(73): Psr\Http\Server\RequestHandlerInterface@anonymous->handle(Object(GuzzleHttp\Psr7\ServerRequest))
#5 D:\xampp81\htdocs\slim_paranomi\vendor\slim\slim\Slim\App.php(209): Slim\MiddlewareDispatcher->handle(Object(GuzzleHttp\Psr7\ServerRequest))
#6 D:\xampp81\htdocs\slim_paranomi\vendor\slim\slim\Slim\App.php(193): Slim\App->handle(Object(GuzzleHttp\Psr7\ServerRequest))
#7 D:\xampp81\htdocs\slim_paranomi\public\index.php(31): Slim\App->run()
#8 {main}
[13-Mar-2025 03:44:27 UTC] 405 Method Not Allowed
Type: Slim\Exception\HttpMethodNotAllowedException
Code: 405
Message: Method not allowed. Must be one of: GET
File: D:\xampp81\htdocs\slim_paranomi\vendor\slim\slim\Slim\Middleware\RoutingMiddleware.php
Line: 79
Trace: #0 D:\xampp81\htdocs\slim_paranomi\vendor\slim\slim\Slim\Middleware\RoutingMiddleware.php(44): Slim\Middleware\RoutingMiddleware->performRouting(Object(GuzzleHttp\Psr7\ServerRequest))
#1 D:\xampp81\htdocs\slim_paranomi\vendor\slim\slim\Slim\MiddlewareDispatcher.php(129): Slim\Middleware\RoutingMiddleware->process(Object(GuzzleHttp\Psr7\ServerRequest), Object(Slim\Routing\RouteRunner))
#2 D:\xampp81\htdocs\slim_paranomi\vendor\slim\slim\Slim\Middleware\ErrorMiddleware.php(77): Psr\Http\Server\RequestHandlerInterface@anonymous->handle(Object(GuzzleHttp\Psr7\ServerRequest))
#3 D:\xampp81\htdocs\slim_paranomi\vendor\slim\slim\Slim\MiddlewareDispatcher.php(129): Slim\Middleware\ErrorMiddleware->process(Object(GuzzleHttp\Psr7\ServerRequest), Object(Psr\Http\Server\RequestHandlerInterface@anonymous))
#4 D:\xampp81\htdocs\slim_paranomi\vendor\slim\slim\Slim\MiddlewareDispatcher.php(73): Psr\Http\Server\RequestHandlerInterface@anonymous->handle(Object(GuzzleHttp\Psr7\ServerRequest))
#5 D:\xampp81\htdocs\slim_paranomi\vendor\slim\slim\Slim\App.php(209): Slim\MiddlewareDispatcher->handle(Object(GuzzleHttp\Psr7\ServerRequest))
#6 D:\xampp81\htdocs\slim_paranomi\vendor\slim\slim\Slim\App.php(193): Slim\App->handle(Object(GuzzleHttp\Psr7\ServerRequest))
#7 D:\xampp81\htdocs\slim_paranomi\public\index.php(31): Slim\App->run()
#8 {main}
[13-Mar-2025 03:44:27 UTC] Slim Application Error
Type: Error
Code: 0
Message: Call to undefined method GuzzleHttp\Psr7\Response::withJson()
File: D:\xampp81\htdocs\slim_paranomi\src\Routes\routes.php
Line: 71
Trace: #0 D:\xampp81\htdocs\slim_paranomi\vendor\slim\slim\Slim\Handlers\Strategies\RequestResponse.php(38): {closure}(Object(GuzzleHttp\Psr7\ServerRequest), Object(GuzzleHttp\Psr7\Response), Array)
#1 D:\xampp81\htdocs\slim_paranomi\vendor\slim\slim\Slim\Routing\Route.php(363): Slim\Handlers\Strategies\RequestResponse->__invoke(Object(Closure), Object(GuzzleHttp\Psr7\ServerRequest), Object(GuzzleHttp\Psr7\Response), Array)
#2 D:\xampp81\htdocs\slim_paranomi\vendor\slim\slim\Slim\MiddlewareDispatcher.php(73): Slim\Routing\Route->handle(Object(GuzzleHttp\Psr7\ServerRequest))
#3 D:\xampp81\htdocs\slim_paranomi\vendor\slim\slim\Slim\MiddlewareDispatcher.php(73): Slim\MiddlewareDispatcher->handle(Object(GuzzleHttp\Psr7\ServerRequest))
#4 D:\xampp81\htdocs\slim_paranomi\vendor\slim\slim\Slim\Routing\Route.php(321): Slim\MiddlewareDispatcher->handle(Object(GuzzleHttp\Psr7\ServerRequest))
#5 D:\xampp81\htdocs\slim_paranomi\vendor\slim\slim\Slim\Routing\RouteRunner.php(74): Slim\Routing\Route->run(Object(GuzzleHttp\Psr7\ServerRequest))
#6 D:\xampp81\htdocs\slim_paranomi\vendor\slim\slim\Slim\Middleware\RoutingMiddleware.php(45): Slim\Routing\RouteRunner->handle(Object(GuzzleHttp\Psr7\ServerRequest))
#7 D:\xampp81\htdocs\slim_paranomi\vendor\slim\slim\Slim\MiddlewareDispatcher.php(129): Slim\Middleware\RoutingMiddleware->process(Object(GuzzleHttp\Psr7\ServerRequest), Object(Slim\Routing\RouteRunner))
#8 D:\xampp81\htdocs\slim_paranomi\vendor\slim\slim\Slim\Middleware\ErrorMiddleware.php(77): Psr\Http\Server\RequestHandlerInterface@anonymous->handle(Object(GuzzleHttp\Psr7\ServerRequest))
#9 D:\xampp81\htdocs\slim_paranomi\vendor\slim\slim\Slim\MiddlewareDispatcher.php(129): Slim\Middleware\ErrorMiddleware->process(Object(GuzzleHttp\Psr7\ServerRequest), Object(Psr\Http\Server\RequestHandlerInterface@anonymous))
#10 D:\xampp81\htdocs\slim_paranomi\vendor\slim\slim\Slim\MiddlewareDispatcher.php(73): Psr\Http\Server\RequestHandlerInterface@anonymous->handle(Object(GuzzleHttp\Psr7\ServerRequest))
#11 D:\xampp81\htdocs\slim_paranomi\vendor\slim\slim\Slim\App.php(209): Slim\MiddlewareDispatcher->handle(Object(GuzzleHttp\Psr7\ServerRequest))
#12 D:\xampp81\htdocs\slim_paranomi\vendor\slim\slim\Slim\App.php(193): Slim\App->handle(Object(GuzzleHttp\Psr7\ServerRequest))
#13 D:\xampp81\htdocs\slim_paranomi\public\index.php(31): Slim\App->run()
#14 {main}
[13-Mar-2025 03:44:36 UTC] 405 Method Not Allowed
Type: Slim\Exception\HttpMethodNotAllowedException
Code: 405
Message: Method not allowed. Must be one of: GET
File: D:\xampp81\htdocs\slim_paranomi\vendor\slim\slim\Slim\Middleware\RoutingMiddleware.php
Line: 79
Trace: #0 D:\xampp81\htdocs\slim_paranomi\vendor\slim\slim\Slim\Middleware\RoutingMiddleware.php(44): Slim\Middleware\RoutingMiddleware->performRouting(Object(GuzzleHttp\Psr7\ServerRequest))
#1 D:\xampp81\htdocs\slim_paranomi\vendor\slim\slim\Slim\MiddlewareDispatcher.php(129): Slim\Middleware\RoutingMiddleware->process(Object(GuzzleHttp\Psr7\ServerRequest), Object(Slim\Routing\RouteRunner))
#2 D:\xampp81\htdocs\slim_paranomi\vendor\slim\slim\Slim\Middleware\ErrorMiddleware.php(77): Psr\Http\Server\RequestHandlerInterface@anonymous->handle(Object(GuzzleHttp\Psr7\ServerRequest))
#3 D:\xampp81\htdocs\slim_paranomi\vendor\slim\slim\Slim\MiddlewareDispatcher.php(129): Slim\Middleware\ErrorMiddleware->process(Object(GuzzleHttp\Psr7\ServerRequest), Object(Psr\Http\Server\RequestHandlerInterface@anonymous))
#4 D:\xampp81\htdocs\slim_paranomi\vendor\slim\slim\Slim\MiddlewareDispatcher.php(73): Psr\Http\Server\RequestHandlerInterface@anonymous->handle(Object(GuzzleHttp\Psr7\ServerRequest))
#5 D:\xampp81\htdocs\slim_paranomi\vendor\slim\slim\Slim\App.php(209): Slim\MiddlewareDispatcher->handle(Object(GuzzleHttp\Psr7\ServerRequest))
#6 D:\xampp81\htdocs\slim_paranomi\vendor\slim\slim\Slim\App.php(193): Slim\App->handle(Object(GuzzleHttp\Psr7\ServerRequest))
#7 D:\xampp81\htdocs\slim_paranomi\public\index.php(31): Slim\App->run()
#8 {main}
[13-Mar-2025 03:44:36 UTC] Slim Application Error
Type: Error
Code: 0
Message: Call to undefined method GuzzleHttp\Psr7\Response::withJson()
File: D:\xampp81\htdocs\slim_paranomi\src\Routes\routes.php
Line: 71
Trace: #0 D:\xampp81\htdocs\slim_paranomi\vendor\slim\slim\Slim\Handlers\Strategies\RequestResponse.php(38): {closure}(Object(GuzzleHttp\Psr7\ServerRequest), Object(GuzzleHttp\Psr7\Response), Array)
#1 D:\xampp81\htdocs\slim_paranomi\vendor\slim\slim\Slim\Routing\Route.php(363): Slim\Handlers\Strategies\RequestResponse->__invoke(Object(Closure), Object(GuzzleHttp\Psr7\ServerRequest), Object(GuzzleHttp\Psr7\Response), Array)
#2 D:\xampp81\htdocs\slim_paranomi\vendor\slim\slim\Slim\MiddlewareDispatcher.php(73): Slim\Routing\Route->handle(Object(GuzzleHttp\Psr7\ServerRequest))
#3 D:\xampp81\htdocs\slim_paranomi\vendor\slim\slim\Slim\MiddlewareDispatcher.php(73): Slim\MiddlewareDispatcher->handle(Object(GuzzleHttp\Psr7\ServerRequest))
#4 D:\xampp81\htdocs\slim_paranomi\vendor\slim\slim\Slim\Routing\Route.php(321): Slim\MiddlewareDispatcher->handle(Object(GuzzleHttp\Psr7\ServerRequest))
#5 D:\xampp81\htdocs\slim_paranomi\vendor\slim\slim\Slim\Routing\RouteRunner.php(74): Slim\Routing\Route->run(Object(GuzzleHttp\Psr7\ServerRequest))
#6 D:\xampp81\htdocs\slim_paranomi\vendor\slim\slim\Slim\Middleware\RoutingMiddleware.php(45): Slim\Routing\RouteRunner->handle(Object(GuzzleHttp\Psr7\ServerRequest))
#7 D:\xampp81\htdocs\slim_paranomi\vendor\slim\slim\Slim\MiddlewareDispatcher.php(129): Slim\Middleware\RoutingMiddleware->process(Object(GuzzleHttp\Psr7\ServerRequest), Object(Slim\Routing\RouteRunner))
#8 D:\xampp81\htdocs\slim_paranomi\vendor\slim\slim\Slim\Middleware\ErrorMiddleware.php(77): Psr\Http\Server\RequestHandlerInterface@anonymous->handle(Object(GuzzleHttp\Psr7\ServerRequest))
#9 D:\xampp81\htdocs\slim_paranomi\vendor\slim\slim\Slim\MiddlewareDispatcher.php(129): Slim\Middleware\ErrorMiddleware->process(Object(GuzzleHttp\Psr7\ServerRequest), Object(Psr\Http\Server\RequestHandlerInterface@anonymous))
#10 D:\xampp81\htdocs\slim_paranomi\vendor\slim\slim\Slim\MiddlewareDispatcher.php(73): Psr\Http\Server\RequestHandlerInterface@anonymous->handle(Object(GuzzleHttp\Psr7\ServerRequest))
#11 D:\xampp81\htdocs\slim_paranomi\vendor\slim\slim\Slim\App.php(209): Slim\MiddlewareDispatcher->handle(Object(GuzzleHttp\Psr7\ServerRequest))
#12 D:\xampp81\htdocs\slim_paranomi\vendor\slim\slim\Slim\App.php(193): Slim\App->handle(Object(GuzzleHttp\Psr7\ServerRequest))
#13 D:\xampp81\htdocs\slim_paranomi\public\index.php(31): Slim\App->run()
#14 {main}
[13-Mar-2025 03:44:46 UTC] 405 Method Not Allowed
Type: Slim\Exception\HttpMethodNotAllowedException
Code: 405
Message: Method not allowed. Must be one of: POST
File: D:\xampp81\htdocs\slim_paranomi\vendor\slim\slim\Slim\Middleware\RoutingMiddleware.php
Line: 79
Trace: #0 D:\xampp81\htdocs\slim_paranomi\vendor\slim\slim\Slim\Middleware\RoutingMiddleware.php(44): Slim\Middleware\RoutingMiddleware->performRouting(Object(GuzzleHttp\Psr7\ServerRequest))
#1 D:\xampp81\htdocs\slim_paranomi\vendor\slim\slim\Slim\MiddlewareDispatcher.php(129): Slim\Middleware\RoutingMiddleware->process(Object(GuzzleHttp\Psr7\ServerRequest), Object(Slim\Routing\RouteRunner))
#2 D:\xampp81\htdocs\slim_paranomi\vendor\slim\slim\Slim\Middleware\ErrorMiddleware.php(77): Psr\Http\Server\RequestHandlerInterface@anonymous->handle(Object(GuzzleHttp\Psr7\ServerRequest))
#3 D:\xampp81\htdocs\slim_paranomi\vendor\slim\slim\Slim\MiddlewareDispatcher.php(129): Slim\Middleware\ErrorMiddleware->process(Object(GuzzleHttp\Psr7\ServerRequest), Object(Psr\Http\Server\RequestHandlerInterface@anonymous))
#4 D:\xampp81\htdocs\slim_paranomi\vendor\slim\slim\Slim\MiddlewareDispatcher.php(73): Psr\Http\Server\RequestHandlerInterface@anonymous->handle(Object(GuzzleHttp\Psr7\ServerRequest))
#5 D:\xampp81\htdocs\slim_paranomi\vendor\slim\slim\Slim\App.php(209): Slim\MiddlewareDispatcher->handle(Object(GuzzleHttp\Psr7\ServerRequest))
#6 D:\xampp81\htdocs\slim_paranomi\vendor\slim\slim\Slim\App.php(193): Slim\App->handle(Object(GuzzleHttp\Psr7\ServerRequest))
#7 D:\xampp81\htdocs\slim_paranomi\public\index.php(31): Slim\App->run()
#8 {main}
[13-Mar-2025 03:46:33 UTC] 404 Not Found
Type: Slim\Exception\HttpNotFoundException
Code: 404
Message: Not found.
File: D:\xampp81\htdocs\slim_paranomi\vendor\slim\slim\Slim\Middleware\RoutingMiddleware.php
Line: 76
Trace: #0 D:\xampp81\htdocs\slim_paranomi\vendor\slim\slim\Slim\Middleware\RoutingMiddleware.php(44): Slim\Middleware\RoutingMiddleware->performRouting(Object(GuzzleHttp\Psr7\ServerRequest))
#1 D:\xampp81\htdocs\slim_paranomi\vendor\slim\slim\Slim\MiddlewareDispatcher.php(129): Slim\Middleware\RoutingMiddleware->process(Object(GuzzleHttp\Psr7\ServerRequest), Object(Slim\Routing\RouteRunner))
#2 D:\xampp81\htdocs\slim_paranomi\vendor\slim\slim\Slim\Middleware\ErrorMiddleware.php(77): Psr\Http\Server\RequestHandlerInterface@anonymous->handle(Object(GuzzleHttp\Psr7\ServerRequest))
#3 D:\xampp81\htdocs\slim_paranomi\vendor\slim\slim\Slim\MiddlewareDispatcher.php(129): Slim\Middleware\ErrorMiddleware->process(Object(GuzzleHttp\Psr7\ServerRequest), Object(Psr\Http\Server\RequestHandlerInterface@anonymous))
#4 D:\xampp81\htdocs\slim_paranomi\vendor\slim\slim\Slim\MiddlewareDispatcher.php(73): Psr\Http\Server\RequestHandlerInterface@anonymous->handle(Object(GuzzleHttp\Psr7\ServerRequest))
#5 D:\xampp81\htdocs\slim_paranomi\vendor\slim\slim\Slim\App.php(209): Slim\MiddlewareDispatcher->handle(Object(GuzzleHttp\Psr7\ServerRequest))
#6 D:\xampp81\htdocs\slim_paranomi\vendor\slim\slim\Slim\App.php(193): Slim\App->handle(Object(GuzzleHttp\Psr7\ServerRequest))
#7 D:\xampp81\htdocs\slim_paranomi\public\index.php(31): Slim\App->run()
#8 {main}
[13-Mar-2025 03:46:33 UTC] 404 Not Found
Type: Slim\Exception\HttpNotFoundException
Code: 404
Message: Not found.
File: D:\xampp81\htdocs\slim_paranomi\vendor\slim\slim\Slim\Middleware\RoutingMiddleware.php
Line: 76
Trace: #0 D:\xampp81\htdocs\slim_paranomi\vendor\slim\slim\Slim\Middleware\RoutingMiddleware.php(44): Slim\Middleware\RoutingMiddleware->performRouting(Object(GuzzleHttp\Psr7\ServerRequest))
#1 D:\xampp81\htdocs\slim_paranomi\vendor\slim\slim\Slim\MiddlewareDispatcher.php(129): Slim\Middleware\RoutingMiddleware->process(Object(GuzzleHttp\Psr7\ServerRequest), Object(Slim\Routing\RouteRunner))
#2 D:\xampp81\htdocs\slim_paranomi\vendor\slim\slim\Slim\Middleware\ErrorMiddleware.php(77): Psr\Http\Server\RequestHandlerInterface@anonymous->handle(Object(GuzzleHttp\Psr7\ServerRequest))
#3 D:\xampp81\htdocs\slim_paranomi\vendor\slim\slim\Slim\MiddlewareDispatcher.php(129): Slim\Middleware\ErrorMiddleware->process(Object(GuzzleHttp\Psr7\ServerRequest), Object(Psr\Http\Server\RequestHandlerInterface@anonymous))
#4 D:\xampp81\htdocs\slim_paranomi\vendor\slim\slim\Slim\MiddlewareDispatcher.php(73): Psr\Http\Server\RequestHandlerInterface@anonymous->handle(Object(GuzzleHttp\Psr7\ServerRequest))
#5 D:\xampp81\htdocs\slim_paranomi\vendor\slim\slim\Slim\App.php(209): Slim\MiddlewareDispatcher->handle(Object(GuzzleHttp\Psr7\ServerRequest))
#6 D:\xampp81\htdocs\slim_paranomi\vendor\slim\slim\Slim\App.php(193): Slim\App->handle(Object(GuzzleHttp\Psr7\ServerRequest))
#7 D:\xampp81\htdocs\slim_paranomi\public\index.php(31): Slim\App->run()
#8 {main}
[13-Mar-2025 03:46:52 UTC] 404 Not Found
Type: Slim\Exception\HttpNotFoundException
Code: 404
Message: Not found.
File: D:\xampp81\htdocs\slim_paranomi\vendor\slim\slim\Slim\Middleware\RoutingMiddleware.php
Line: 76
Trace: #0 D:\xampp81\htdocs\slim_paranomi\vendor\slim\slim\Slim\Middleware\RoutingMiddleware.php(44): Slim\Middleware\RoutingMiddleware->performRouting(Object(GuzzleHttp\Psr7\ServerRequest))
#1 D:\xampp81\htdocs\slim_paranomi\vendor\slim\slim\Slim\MiddlewareDispatcher.php(129): Slim\Middleware\RoutingMiddleware->process(Object(GuzzleHttp\Psr7\ServerRequest), Object(Slim\Routing\RouteRunner))
#2 D:\xampp81\htdocs\slim_paranomi\vendor\slim\slim\Slim\Middleware\ErrorMiddleware.php(77): Psr\Http\Server\RequestHandlerInterface@anonymous->handle(Object(GuzzleHttp\Psr7\ServerRequest))
#3 D:\xampp81\htdocs\slim_paranomi\vendor\slim\slim\Slim\MiddlewareDispatcher.php(129): Slim\Middleware\ErrorMiddleware->process(Object(GuzzleHttp\Psr7\ServerRequest), Object(Psr\Http\Server\RequestHandlerInterface@anonymous))
#4 D:\xampp81\htdocs\slim_paranomi\vendor\slim\slim\Slim\MiddlewareDispatcher.php(73): Psr\Http\Server\RequestHandlerInterface@anonymous->handle(Object(GuzzleHttp\Psr7\ServerRequest))
#5 D:\xampp81\htdocs\slim_paranomi\vendor\slim\slim\Slim\App.php(209): Slim\MiddlewareDispatcher->handle(Object(GuzzleHttp\Psr7\ServerRequest))
#6 D:\xampp81\htdocs\slim_paranomi\vendor\slim\slim\Slim\App.php(193): Slim\App->handle(Object(GuzzleHttp\Psr7\ServerRequest))
#7 D:\xampp81\htdocs\slim_paranomi\public\index.php(31): Slim\App->run()
#8 {main}
[13-Mar-2025 03:46:52 UTC] 404 Not Found
Type: Slim\Exception\HttpNotFoundException
Code: 404
Message: Not found.
File: D:\xampp81\htdocs\slim_paranomi\vendor\slim\slim\Slim\Middleware\RoutingMiddleware.php
Line: 76
Trace: #0 D:\xampp81\htdocs\slim_paranomi\vendor\slim\slim\Slim\Middleware\RoutingMiddleware.php(44): Slim\Middleware\RoutingMiddleware->performRouting(Object(GuzzleHttp\Psr7\ServerRequest))
#1 D:\xampp81\htdocs\slim_paranomi\vendor\slim\slim\Slim\MiddlewareDispatcher.php(129): Slim\Middleware\RoutingMiddleware->process(Object(GuzzleHttp\Psr7\ServerRequest), Object(Slim\Routing\RouteRunner))
#2 D:\xampp81\htdocs\slim_paranomi\vendor\slim\slim\Slim\Middleware\ErrorMiddleware.php(77): Psr\Http\Server\RequestHandlerInterface@anonymous->handle(Object(GuzzleHttp\Psr7\ServerRequest))
#3 D:\xampp81\htdocs\slim_paranomi\vendor\slim\slim\Slim\MiddlewareDispatcher.php(129): Slim\Middleware\ErrorMiddleware->process(Object(GuzzleHttp\Psr7\ServerRequest), Object(Psr\Http\Server\RequestHandlerInterface@anonymous))
#4 D:\xampp81\htdocs\slim_paranomi\vendor\slim\slim\Slim\MiddlewareDispatcher.php(73): Psr\Http\Server\RequestHandlerInterface@anonymous->handle(Object(GuzzleHttp\Psr7\ServerRequest))
#5 D:\xampp81\htdocs\slim_paranomi\vendor\slim\slim\Slim\App.php(209): Slim\MiddlewareDispatcher->handle(Object(GuzzleHttp\Psr7\ServerRequest))
#6 D:\xampp81\htdocs\slim_paranomi\vendor\slim\slim\Slim\App.php(193): Slim\App->handle(Object(GuzzleHttp\Psr7\ServerRequest))
#7 D:\xampp81\htdocs\slim_paranomi\public\index.php(31): Slim\App->run()
#8 {main}
[13-Mar-2025 03:48:17 UTC] 405 Method Not Allowed
Type: Slim\Exception\HttpMethodNotAllowedException
Code: 405
Message: Method not allowed. Must be one of: POST
File: D:\xampp81\htdocs\slim_paranomi\vendor\slim\slim\Slim\Middleware\RoutingMiddleware.php
Line: 79
Trace: #0 D:\xampp81\htdocs\slim_paranomi\vendor\slim\slim\Slim\Middleware\RoutingMiddleware.php(44): Slim\Middleware\RoutingMiddleware->performRouting(Object(GuzzleHttp\Psr7\ServerRequest))
#1 D:\xampp81\htdocs\slim_paranomi\vendor\slim\slim\Slim\MiddlewareDispatcher.php(129): Slim\Middleware\RoutingMiddleware->process(Object(GuzzleHttp\Psr7\ServerRequest), Object(Slim\Routing\RouteRunner))
#2 D:\xampp81\htdocs\slim_paranomi\vendor\slim\slim\Slim\Middleware\ErrorMiddleware.php(77): Psr\Http\Server\RequestHandlerInterface@anonymous->handle(Object(GuzzleHttp\Psr7\ServerRequest))
#3 D:\xampp81\htdocs\slim_paranomi\vendor\slim\slim\Slim\MiddlewareDispatcher.php(129): Slim\Middleware\ErrorMiddleware->process(Object(GuzzleHttp\Psr7\ServerRequest), Object(Psr\Http\Server\RequestHandlerInterface@anonymous))
#4 D:\xampp81\htdocs\slim_paranomi\vendor\slim\slim\Slim\MiddlewareDispatcher.php(73): Psr\Http\Server\RequestHandlerInterface@anonymous->handle(Object(GuzzleHttp\Psr7\ServerRequest))
#5 D:\xampp81\htdocs\slim_paranomi\vendor\slim\slim\Slim\App.php(209): Slim\MiddlewareDispatcher->handle(Object(GuzzleHttp\Psr7\ServerRequest))
#6 D:\xampp81\htdocs\slim_paranomi\vendor\slim\slim\Slim\App.php(193): Slim\App->handle(Object(GuzzleHttp\Psr7\ServerRequest))
#7 D:\xampp81\htdocs\slim_paranomi\public\index.php(31): Slim\App->run()
#8 {main}
[13-Mar-2025 03:48:23 UTC] 405 Method Not Allowed
Type: Slim\Exception\HttpMethodNotAllowedException
Code: 405
Message: Method not allowed. Must be one of: POST
File: D:\xampp81\htdocs\slim_paranomi\vendor\slim\slim\Slim\Middleware\RoutingMiddleware.php
Line: 79
Trace: #0 D:\xampp81\htdocs\slim_paranomi\vendor\slim\slim\Slim\Middleware\RoutingMiddleware.php(44): Slim\Middleware\RoutingMiddleware->performRouting(Object(GuzzleHttp\Psr7\ServerRequest))
#1 D:\xampp81\htdocs\slim_paranomi\vendor\slim\slim\Slim\MiddlewareDispatcher.php(129): Slim\Middleware\RoutingMiddleware->process(Object(GuzzleHttp\Psr7\ServerRequest), Object(Slim\Routing\RouteRunner))
#2 D:\xampp81\htdocs\slim_paranomi\vendor\slim\slim\Slim\Middleware\ErrorMiddleware.php(77): Psr\Http\Server\RequestHandlerInterface@anonymous->handle(Object(GuzzleHttp\Psr7\ServerRequest))
#3 D:\xampp81\htdocs\slim_paranomi\vendor\slim\slim\Slim\MiddlewareDispatcher.php(129): Slim\Middleware\ErrorMiddleware->process(Object(GuzzleHttp\Psr7\ServerRequest), Object(Psr\Http\Server\RequestHandlerInterface@anonymous))
#4 D:\xampp81\htdocs\slim_paranomi\vendor\slim\slim\Slim\MiddlewareDispatcher.php(73): Psr\Http\Server\RequestHandlerInterface@anonymous->handle(Object(GuzzleHttp\Psr7\ServerRequest))
#5 D:\xampp81\htdocs\slim_paranomi\vendor\slim\slim\Slim\App.php(209): Slim\MiddlewareDispatcher->handle(Object(GuzzleHttp\Psr7\ServerRequest))
#6 D:\xampp81\htdocs\slim_paranomi\vendor\slim\slim\Slim\App.php(193): Slim\App->handle(Object(GuzzleHttp\Psr7\ServerRequest))
#7 D:\xampp81\htdocs\slim_paranomi\public\index.php(31): Slim\App->run()
#8 {main}
[13-Mar-2025 03:51:29 UTC] 405 Method Not Allowed
Type: Slim\Exception\HttpMethodNotAllowedException
Code: 405
Message: Method not allowed. Must be one of: POST
File: D:\xampp81\htdocs\slim_paranomi\vendor\slim\slim\Slim\Middleware\RoutingMiddleware.php
Line: 79
Trace: #0 D:\xampp81\htdocs\slim_paranomi\vendor\slim\slim\Slim\Middleware\RoutingMiddleware.php(44): Slim\Middleware\RoutingMiddleware->performRouting(Object(GuzzleHttp\Psr7\ServerRequest))
#1 D:\xampp81\htdocs\slim_paranomi\vendor\slim\slim\Slim\MiddlewareDispatcher.php(129): Slim\Middleware\RoutingMiddleware->process(Object(GuzzleHttp\Psr7\ServerRequest), Object(Slim\Routing\RouteRunner))
#2 D:\xampp81\htdocs\slim_paranomi\vendor\slim\slim\Slim\Middleware\ErrorMiddleware.php(77): Psr\Http\Server\RequestHandlerInterface@anonymous->handle(Object(GuzzleHttp\Psr7\ServerRequest))
#3 D:\xampp81\htdocs\slim_paranomi\vendor\slim\slim\Slim\MiddlewareDispatcher.php(129): Slim\Middleware\ErrorMiddleware->process(Object(GuzzleHttp\Psr7\ServerRequest), Object(Psr\Http\Server\RequestHandlerInterface@anonymous))
#4 D:\xampp81\htdocs\slim_paranomi\vendor\slim\slim\Slim\MiddlewareDispatcher.php(73): Psr\Http\Server\RequestHandlerInterface@anonymous->handle(Object(GuzzleHttp\Psr7\ServerRequest))
#5 D:\xampp81\htdocs\slim_paranomi\vendor\slim\slim\Slim\App.php(209): Slim\MiddlewareDispatcher->handle(Object(GuzzleHttp\Psr7\ServerRequest))
#6 D:\xampp81\htdocs\slim_paranomi\vendor\slim\slim\Slim\App.php(193): Slim\App->handle(Object(GuzzleHttp\Psr7\ServerRequest))
#7 D:\xampp81\htdocs\slim_paranomi\public\index.php(31): Slim\App->run()
#8 {main}
[13-Mar-2025 04:01:27 UTC] 405 Method Not Allowed
Type: Slim\Exception\HttpMethodNotAllowedException
Code: 405
Message: Method not allowed. Must be one of: POST
File: D:\xampp81\htdocs\slim_paranomi\vendor\slim\slim\Slim\Middleware\RoutingMiddleware.php
Line: 79
Trace: #0 D:\xampp81\htdocs\slim_paranomi\vendor\slim\slim\Slim\Middleware\RoutingMiddleware.php(44): Slim\Middleware\RoutingMiddleware->performRouting(Object(GuzzleHttp\Psr7\ServerRequest))
#1 D:\xampp81\htdocs\slim_paranomi\vendor\slim\slim\Slim\MiddlewareDispatcher.php(129): Slim\Middleware\RoutingMiddleware->process(Object(GuzzleHttp\Psr7\ServerRequest), Object(Slim\Routing\RouteRunner))
#2 D:\xampp81\htdocs\slim_paranomi\vendor\slim\slim\Slim\Middleware\ErrorMiddleware.php(77): Psr\Http\Server\RequestHandlerInterface@anonymous->handle(Object(GuzzleHttp\Psr7\ServerRequest))
#3 D:\xampp81\htdocs\slim_paranomi\vendor\slim\slim\Slim\MiddlewareDispatcher.php(129): Slim\Middleware\ErrorMiddleware->process(Object(GuzzleHttp\Psr7\ServerRequest), Object(Psr\Http\Server\RequestHandlerInterface@anonymous))
#4 D:\xampp81\htdocs\slim_paranomi\vendor\slim\slim\Slim\MiddlewareDispatcher.php(73): Psr\Http\Server\RequestHandlerInterface@anonymous->handle(Object(GuzzleHttp\Psr7\ServerRequest))
#5 D:\xampp81\htdocs\slim_paranomi\vendor\slim\slim\Slim\App.php(209): Slim\MiddlewareDispatcher->handle(Object(GuzzleHttp\Psr7\ServerRequest))
#6 D:\xampp81\htdocs\slim_paranomi\vendor\slim\slim\Slim\App.php(193): Slim\App->handle(Object(GuzzleHttp\Psr7\ServerRequest))
#7 D:\xampp81\htdocs\slim_paranomi\public\index.php(31): Slim\App->run()
#8 {main}
[13-Mar-2025 04:01:55 UTC] 405 Method Not Allowed
Type: Slim\Exception\HttpMethodNotAllowedException
Code: 405
Message: Method not allowed. Must be one of: POST
File: D:\xampp81\htdocs\slim_paranomi\vendor\slim\slim\Slim\Middleware\RoutingMiddleware.php
Line: 79
Trace: #0 D:\xampp81\htdocs\slim_paranomi\vendor\slim\slim\Slim\Middleware\RoutingMiddleware.php(44): Slim\Middleware\RoutingMiddleware->performRouting(Object(GuzzleHttp\Psr7\ServerRequest))
#1 D:\xampp81\htdocs\slim_paranomi\vendor\slim\slim\Slim\MiddlewareDispatcher.php(129): Slim\Middleware\RoutingMiddleware->process(Object(GuzzleHttp\Psr7\ServerRequest), Object(Slim\Routing\RouteRunner))
#2 D:\xampp81\htdocs\slim_paranomi\vendor\slim\slim\Slim\Middleware\ErrorMiddleware.php(77): Psr\Http\Server\RequestHandlerInterface@anonymous->handle(Object(GuzzleHttp\Psr7\ServerRequest))
#3 D:\xampp81\htdocs\slim_paranomi\vendor\slim\slim\Slim\MiddlewareDispatcher.php(129): Slim\Middleware\ErrorMiddleware->process(Object(GuzzleHttp\Psr7\ServerRequest), Object(Psr\Http\Server\RequestHandlerInterface@anonymous))
#4 D:\xampp81\htdocs\slim_paranomi\vendor\slim\slim\Slim\MiddlewareDispatcher.php(73): Psr\Http\Server\RequestHandlerInterface@anonymous->handle(Object(GuzzleHttp\Psr7\ServerRequest))
#5 D:\xampp81\htdocs\slim_paranomi\vendor\slim\slim\Slim\App.php(209): Slim\MiddlewareDispatcher->handle(Object(GuzzleHttp\Psr7\ServerRequest))
#6 D:\xampp81\htdocs\slim_paranomi\vendor\slim\slim\Slim\App.php(193): Slim\App->handle(Object(GuzzleHttp\Psr7\ServerRequest))
#7 D:\xampp81\htdocs\slim_paranomi\public\index.php(31): Slim\App->run()
#8 {main}
[13-Mar-2025 04:03:17 UTC] 405 Method Not Allowed
Type: Slim\Exception\HttpMethodNotAllowedException
Code: 405
Message: Method not allowed. Must be one of: POST
File: D:\xampp81\htdocs\slim_paranomi\vendor\slim\slim\Slim\Middleware\RoutingMiddleware.php
Line: 79
Trace: #0 D:\xampp81\htdocs\slim_paranomi\vendor\slim\slim\Slim\Middleware\RoutingMiddleware.php(44): Slim\Middleware\RoutingMiddleware->performRouting(Object(GuzzleHttp\Psr7\ServerRequest))
#1 D:\xampp81\htdocs\slim_paranomi\vendor\slim\slim\Slim\MiddlewareDispatcher.php(129): Slim\Middleware\RoutingMiddleware->process(Object(GuzzleHttp\Psr7\ServerRequest), Object(Slim\Routing\RouteRunner))
#2 D:\xampp81\htdocs\slim_paranomi\vendor\slim\slim\Slim\Middleware\ErrorMiddleware.php(77): Psr\Http\Server\RequestHandlerInterface@anonymous->handle(Object(GuzzleHttp\Psr7\ServerRequest))
#3 D:\xampp81\htdocs\slim_paranomi\vendor\slim\slim\Slim\MiddlewareDispatcher.php(129): Slim\Middleware\ErrorMiddleware->process(Object(GuzzleHttp\Psr7\ServerRequest), Object(Psr\Http\Server\RequestHandlerInterface@anonymous))
#4 D:\xampp81\htdocs\slim_paranomi\vendor\slim\slim\Slim\MiddlewareDispatcher.php(73): Psr\Http\Server\RequestHandlerInterface@anonymous->handle(Object(GuzzleHttp\Psr7\ServerRequest))
#5 D:\xampp81\htdocs\slim_paranomi\vendor\slim\slim\Slim\App.php(209): Slim\MiddlewareDispatcher->handle(Object(GuzzleHttp\Psr7\ServerRequest))
#6 D:\xampp81\htdocs\slim_paranomi\vendor\slim\slim\Slim\App.php(193): Slim\App->handle(Object(GuzzleHttp\Psr7\ServerRequest))
#7 D:\xampp81\htdocs\slim_paranomi\public\index.php(31): Slim\App->run()
#8 {main}
[13-Mar-2025 04:10:12 UTC] 405 Method Not Allowed
Type: Slim\Exception\HttpMethodNotAllowedException
Code: 405
Message: Method not allowed. Must be one of: POST
File: D:\xampp81\htdocs\slim_paranomi\vendor\slim\slim\Slim\Middleware\RoutingMiddleware.php
Line: 79
Trace: #0 D:\xampp81\htdocs\slim_paranomi\vendor\slim\slim\Slim\Middleware\RoutingMiddleware.php(44): Slim\Middleware\RoutingMiddleware->performRouting(Object(GuzzleHttp\Psr7\ServerRequest))
#1 D:\xampp81\htdocs\slim_paranomi\vendor\slim\slim\Slim\MiddlewareDispatcher.php(129): Slim\Middleware\RoutingMiddleware->process(Object(GuzzleHttp\Psr7\ServerRequest), Object(Slim\Routing\RouteRunner))
#2 D:\xampp81\htdocs\slim_paranomi\vendor\slim\slim\Slim\Middleware\ErrorMiddleware.php(77): Psr\Http\Server\RequestHandlerInterface@anonymous->handle(Object(GuzzleHttp\Psr7\ServerRequest))
#3 D:\xampp81\htdocs\slim_paranomi\vendor\slim\slim\Slim\MiddlewareDispatcher.php(129): Slim\Middleware\ErrorMiddleware->process(Object(GuzzleHttp\Psr7\ServerRequest), Object(Psr\Http\Server\RequestHandlerInterface@anonymous))
#4 D:\xampp81\htdocs\slim_paranomi\vendor\slim\slim\Slim\MiddlewareDispatcher.php(73): Psr\Http\Server\RequestHandlerInterface@anonymous->handle(Object(GuzzleHttp\Psr7\ServerRequest))
#5 D:\xampp81\htdocs\slim_paranomi\vendor\slim\slim\Slim\App.php(209): Slim\MiddlewareDispatcher->handle(Object(GuzzleHttp\Psr7\ServerRequest))
#6 D:\xampp81\htdocs\slim_paranomi\vendor\slim\slim\Slim\App.php(193): Slim\App->handle(Object(GuzzleHttp\Psr7\ServerRequest))
#7 D:\xampp81\htdocs\slim_paranomi\public\index.php(31): Slim\App->run()
#8 {main}
[13-Mar-2025 04:31:31 UTC] 405 Method Not Allowed
Type: Slim\Exception\HttpMethodNotAllowedException
Code: 405
Message: Method not allowed. Must be one of: POST
File: D:\xampp81\htdocs\slim_paranomi\vendor\slim\slim\Slim\Middleware\RoutingMiddleware.php
Line: 79
Trace: #0 D:\xampp81\htdocs\slim_paranomi\vendor\slim\slim\Slim\Middleware\RoutingMiddleware.php(44): Slim\Middleware\RoutingMiddleware->performRouting(Object(GuzzleHttp\Psr7\ServerRequest))
#1 D:\xampp81\htdocs\slim_paranomi\vendor\slim\slim\Slim\MiddlewareDispatcher.php(129): Slim\Middleware\RoutingMiddleware->process(Object(GuzzleHttp\Psr7\ServerRequest), Object(Slim\Routing\RouteRunner))
#2 D:\xampp81\htdocs\slim_paranomi\vendor\slim\slim\Slim\Middleware\ErrorMiddleware.php(77): Psr\Http\Server\RequestHandlerInterface@anonymous->handle(Object(GuzzleHttp\Psr7\ServerRequest))
#3 D:\xampp81\htdocs\slim_paranomi\vendor\slim\slim\Slim\MiddlewareDispatcher.php(129): Slim\Middleware\ErrorMiddleware->process(Object(GuzzleHttp\Psr7\ServerRequest), Object(Psr\Http\Server\RequestHandlerInterface@anonymous))
#4 D:\xampp81\htdocs\slim_paranomi\vendor\slim\slim\Slim\MiddlewareDispatcher.php(73): Psr\Http\Server\RequestHandlerInterface@anonymous->handle(Object(GuzzleHttp\Psr7\ServerRequest))
#5 D:\xampp81\htdocs\slim_paranomi\vendor\slim\slim\Slim\App.php(209): Slim\MiddlewareDispatcher->handle(Object(GuzzleHttp\Psr7\ServerRequest))
#6 D:\xampp81\htdocs\slim_paranomi\vendor\slim\slim\Slim\App.php(193): Slim\App->handle(Object(GuzzleHttp\Psr7\ServerRequest))
#7 D:\xampp81\htdocs\slim_paranomi\public\index.php(31): Slim\App->run()
#8 {main}
[13-Mar-2025 04:33:59 UTC] 405 Method Not Allowed
Type: Slim\Exception\HttpMethodNotAllowedException
Code: 405
Message: Method not allowed. Must be one of: POST
File: D:\xampp81\htdocs\slim_paranomi\vendor\slim\slim\Slim\Middleware\RoutingMiddleware.php
Line: 79
Trace: #0 D:\xampp81\htdocs\slim_paranomi\vendor\slim\slim\Slim\Middleware\RoutingMiddleware.php(44): Slim\Middleware\RoutingMiddleware->performRouting(Object(GuzzleHttp\Psr7\ServerRequest))
#1 D:\xampp81\htdocs\slim_paranomi\vendor\slim\slim\Slim\MiddlewareDispatcher.php(129): Slim\Middleware\RoutingMiddleware->process(Object(GuzzleHttp\Psr7\ServerRequest), Object(Slim\Routing\RouteRunner))
#2 D:\xampp81\htdocs\slim_paranomi\vendor\slim\slim\Slim\Middleware\ErrorMiddleware.php(77): Psr\Http\Server\RequestHandlerInterface@anonymous->handle(Object(GuzzleHttp\Psr7\ServerRequest))
#3 D:\xampp81\htdocs\slim_paranomi\vendor\slim\slim\Slim\MiddlewareDispatcher.php(129): Slim\Middleware\ErrorMiddleware->process(Object(GuzzleHttp\Psr7\ServerRequest), Object(Psr\Http\Server\RequestHandlerInterface@anonymous))
#4 D:\xampp81\htdocs\slim_paranomi\vendor\slim\slim\Slim\MiddlewareDispatcher.php(73): Psr\Http\Server\RequestHandlerInterface@anonymous->handle(Object(GuzzleHttp\Psr7\ServerRequest))
#5 D:\xampp81\htdocs\slim_paranomi\vendor\slim\slim\Slim\App.php(209): Slim\MiddlewareDispatcher->handle(Object(GuzzleHttp\Psr7\ServerRequest))
#6 D:\xampp81\htdocs\slim_paranomi\vendor\slim\slim\Slim\App.php(193): Slim\App->handle(Object(GuzzleHttp\Psr7\ServerRequest))
#7 D:\xampp81\htdocs\slim_paranomi\public\index.php(31): Slim\App->run()
#8 {main}
[13-Mar-2025 04:34:37 UTC] 405 Method Not Allowed
Type: Slim\Exception\HttpMethodNotAllowedException
Code: 405
Message: Method not allowed. Must be one of: POST
File: D:\xampp81\htdocs\slim_paranomi\vendor\slim\slim\Slim\Middleware\RoutingMiddleware.php
Line: 79
Trace: #0 D:\xampp81\htdocs\slim_paranomi\vendor\slim\slim\Slim\Middleware\RoutingMiddleware.php(44): Slim\Middleware\RoutingMiddleware->performRouting(Object(GuzzleHttp\Psr7\ServerRequest))
#1 D:\xampp81\htdocs\slim_paranomi\vendor\slim\slim\Slim\MiddlewareDispatcher.php(129): Slim\Middleware\RoutingMiddleware->process(Object(GuzzleHttp\Psr7\ServerRequest), Object(Slim\Routing\RouteRunner))
#2 D:\xampp81\htdocs\slim_paranomi\vendor\slim\slim\Slim\Middleware\ErrorMiddleware.php(77): Psr\Http\Server\RequestHandlerInterface@anonymous->handle(Object(GuzzleHttp\Psr7\ServerRequest))
#3 D:\xampp81\htdocs\slim_paranomi\vendor\slim\slim\Slim\MiddlewareDispatcher.php(129): Slim\Middleware\ErrorMiddleware->process(Object(GuzzleHttp\Psr7\ServerRequest), Object(Psr\Http\Server\RequestHandlerInterface@anonymous))
#4 D:\xampp81\htdocs\slim_paranomi\vendor\slim\slim\Slim\MiddlewareDispatcher.php(73): Psr\Http\Server\RequestHandlerInterface@anonymous->handle(Object(GuzzleHttp\Psr7\ServerRequest))
#5 D:\xampp81\htdocs\slim_paranomi\vendor\slim\slim\Slim\App.php(209): Slim\MiddlewareDispatcher->handle(Object(GuzzleHttp\Psr7\ServerRequest))
#6 D:\xampp81\htdocs\slim_paranomi\vendor\slim\slim\Slim\App.php(193): Slim\App->handle(Object(GuzzleHttp\Psr7\ServerRequest))
#7 D:\xampp81\htdocs\slim_paranomi\public\index.php(31): Slim\App->run()
#8 {main}
[13-Mar-2025 19:06:40 UTC] 405 Method Not Allowed
Type: Slim\Exception\HttpMethodNotAllowedException
Code: 405
Message: Method not allowed. Must be one of: POST
File: D:\xampp81\htdocs\slim_paranomi\vendor\slim\slim\Slim\Middleware\RoutingMiddleware.php
Line: 79
Trace: #0 D:\xampp81\htdocs\slim_paranomi\vendor\slim\slim\Slim\Middleware\RoutingMiddleware.php(44): Slim\Middleware\RoutingMiddleware->performRouting(Object(GuzzleHttp\Psr7\ServerRequest))
#1 D:\xampp81\htdocs\slim_paranomi\vendor\slim\slim\Slim\MiddlewareDispatcher.php(129): Slim\Middleware\RoutingMiddleware->process(Object(GuzzleHttp\Psr7\ServerRequest), Object(Slim\Routing\RouteRunner))
#2 D:\xampp81\htdocs\slim_paranomi\vendor\slim\slim\Slim\Middleware\ErrorMiddleware.php(77): Psr\Http\Server\RequestHandlerInterface@anonymous->handle(Object(GuzzleHttp\Psr7\ServerRequest))
#3 D:\xampp81\htdocs\slim_paranomi\vendor\slim\slim\Slim\MiddlewareDispatcher.php(129): Slim\Middleware\ErrorMiddleware->process(Object(GuzzleHttp\Psr7\ServerRequest), Object(Psr\Http\Server\RequestHandlerInterface@anonymous))
#4 D:\xampp81\htdocs\slim_paranomi\vendor\slim\slim\Slim\MiddlewareDispatcher.php(73): Psr\Http\Server\RequestHandlerInterface@anonymous->handle(Object(GuzzleHttp\Psr7\ServerRequest))
#5 D:\xampp81\htdocs\slim_paranomi\vendor\slim\slim\Slim\App.php(209): Slim\MiddlewareDispatcher->handle(Object(GuzzleHttp\Psr7\ServerRequest))
#6 D:\xampp81\htdocs\slim_paranomi\vendor\slim\slim\Slim\App.php(193): Slim\App->handle(Object(GuzzleHttp\Psr7\ServerRequest))
#7 D:\xampp81\htdocs\slim_paranomi\public\index.php(31): Slim\App->run()
#8 {main}
[13-Mar-2025 19:09:37 UTC] 405 Method Not Allowed
Type: Slim\Exception\HttpMethodNotAllowedException
Code: 405
Message: Method not allowed. Must be one of: POST
File: D:\xampp81\htdocs\slim_paranomi\vendor\slim\slim\Slim\Middleware\RoutingMiddleware.php
Line: 79
Trace: #0 D:\xampp81\htdocs\slim_paranomi\vendor\slim\slim\Slim\Middleware\RoutingMiddleware.php(44): Slim\Middleware\RoutingMiddleware->performRouting(Object(GuzzleHttp\Psr7\ServerRequest))
#1 D:\xampp81\htdocs\slim_paranomi\vendor\slim\slim\Slim\MiddlewareDispatcher.php(129): Slim\Middleware\RoutingMiddleware->process(Object(GuzzleHttp\Psr7\ServerRequest), Object(Slim\Routing\RouteRunner))
#2 D:\xampp81\htdocs\slim_paranomi\vendor\slim\slim\Slim\Middleware\ErrorMiddleware.php(77): Psr\Http\Server\RequestHandlerInterface@anonymous->handle(Object(GuzzleHttp\Psr7\ServerRequest))
#3 D:\xampp81\htdocs\slim_paranomi\vendor\slim\slim\Slim\MiddlewareDispatcher.php(129): Slim\Middleware\ErrorMiddleware->process(Object(GuzzleHttp\Psr7\ServerRequest), Object(Psr\Http\Server\RequestHandlerInterface@anonymous))
#4 D:\xampp81\htdocs\slim_paranomi\vendor\slim\slim\Slim\MiddlewareDispatcher.php(73): Psr\Http\Server\RequestHandlerInterface@anonymous->handle(Object(GuzzleHttp\Psr7\ServerRequest))
#5 D:\xampp81\htdocs\slim_paranomi\vendor\slim\slim\Slim\App.php(209): Slim\MiddlewareDispatcher->handle(Object(GuzzleHttp\Psr7\ServerRequest))
#6 D:\xampp81\htdocs\slim_paranomi\vendor\slim\slim\Slim\App.php(193): Slim\App->handle(Object(GuzzleHttp\Psr7\ServerRequest))
#7 D:\xampp81\htdocs\slim_paranomi\public\index.php(31): Slim\App->run()
#8 {main}
[13-Mar-2025 19:10:25 UTC] 405 Method Not Allowed
Type: Slim\Exception\HttpMethodNotAllowedException
Code: 405
Message: Method not allowed. Must be one of: POST
File: D:\xampp81\htdocs\slim_paranomi\vendor\slim\slim\Slim\Middleware\RoutingMiddleware.php
Line: 79
Trace: #0 D:\xampp81\htdocs\slim_paranomi\vendor\slim\slim\Slim\Middleware\RoutingMiddleware.php(44): Slim\Middleware\RoutingMiddleware->performRouting(Object(GuzzleHttp\Psr7\ServerRequest))
#1 D:\xampp81\htdocs\slim_paranomi\vendor\slim\slim\Slim\MiddlewareDispatcher.php(129): Slim\Middleware\RoutingMiddleware->process(Object(GuzzleHttp\Psr7\ServerRequest), Object(Slim\Routing\RouteRunner))
#2 D:\xampp81\htdocs\slim_paranomi\vendor\slim\slim\Slim\Middleware\ErrorMiddleware.php(77): Psr\Http\Server\RequestHandlerInterface@anonymous->handle(Object(GuzzleHttp\Psr7\ServerRequest))
#3 D:\xampp81\htdocs\slim_paranomi\vendor\slim\slim\Slim\MiddlewareDispatcher.php(129): Slim\Middleware\ErrorMiddleware->process(Object(GuzzleHttp\Psr7\ServerRequest), Object(Psr\Http\Server\RequestHandlerInterface@anonymous))
#4 D:\xampp81\htdocs\slim_paranomi\vendor\slim\slim\Slim\MiddlewareDispatcher.php(73): Psr\Http\Server\RequestHandlerInterface@anonymous->handle(Object(GuzzleHttp\Psr7\ServerRequest))
#5 D:\xampp81\htdocs\slim_paranomi\vendor\slim\slim\Slim\App.php(209): Slim\MiddlewareDispatcher->handle(Object(GuzzleHttp\Psr7\ServerRequest))
#6 D:\xampp81\htdocs\slim_paranomi\vendor\slim\slim\Slim\App.php(193): Slim\App->handle(Object(GuzzleHttp\Psr7\ServerRequest))
#7 D:\xampp81\htdocs\slim_paranomi\public\index.php(31): Slim\App->run()
#8 {main}
[13-Mar-2025 19:11:22 UTC] 405 Method Not Allowed
Type: Slim\Exception\HttpMethodNotAllowedException
Code: 405
Message: Method not allowed. Must be one of: POST
File: D:\xampp81\htdocs\slim_paranomi\vendor\slim\slim\Slim\Middleware\RoutingMiddleware.php
Line: 79
Trace: #0 D:\xampp81\htdocs\slim_paranomi\vendor\slim\slim\Slim\Middleware\RoutingMiddleware.php(44): Slim\Middleware\RoutingMiddleware->performRouting(Object(GuzzleHttp\Psr7\ServerRequest))
#1 D:\xampp81\htdocs\slim_paranomi\vendor\slim\slim\Slim\MiddlewareDispatcher.php(129): Slim\Middleware\RoutingMiddleware->process(Object(GuzzleHttp\Psr7\ServerRequest), Object(Slim\Routing\RouteRunner))
#2 D:\xampp81\htdocs\slim_paranomi\vendor\slim\slim\Slim\Middleware\ErrorMiddleware.php(77): Psr\Http\Server\RequestHandlerInterface@anonymous->handle(Object(GuzzleHttp\Psr7\ServerRequest))
#3 D:\xampp81\htdocs\slim_paranomi\vendor\slim\slim\Slim\MiddlewareDispatcher.php(129): Slim\Middleware\ErrorMiddleware->process(Object(GuzzleHttp\Psr7\ServerRequest), Object(Psr\Http\Server\RequestHandlerInterface@anonymous))
#4 D:\xampp81\htdocs\slim_paranomi\vendor\slim\slim\Slim\MiddlewareDispatcher.php(73): Psr\Http\Server\RequestHandlerInterface@anonymous->handle(Object(GuzzleHttp\Psr7\ServerRequest))
#5 D:\xampp81\htdocs\slim_paranomi\vendor\slim\slim\Slim\App.php(209): Slim\MiddlewareDispatcher->handle(Object(GuzzleHttp\Psr7\ServerRequest))
#6 D:\xampp81\htdocs\slim_paranomi\vendor\slim\slim\Slim\App.php(193): Slim\App->handle(Object(GuzzleHttp\Psr7\ServerRequest))
#7 D:\xampp81\htdocs\slim_paranomi\public\index.php(31): Slim\App->run()
#8 {main}
[13-Mar-2025 19:12:38 UTC] 405 Method Not Allowed
Type: Slim\Exception\HttpMethodNotAllowedException
Code: 405
Message: Method not allowed. Must be one of: POST
File: D:\xampp81\htdocs\slim_paranomi\vendor\slim\slim\Slim\Middleware\RoutingMiddleware.php
Line: 79
Trace: #0 D:\xampp81\htdocs\slim_paranomi\vendor\slim\slim\Slim\Middleware\RoutingMiddleware.php(44): Slim\Middleware\RoutingMiddleware->performRouting(Object(GuzzleHttp\Psr7\ServerRequest))
#1 D:\xampp81\htdocs\slim_paranomi\vendor\slim\slim\Slim\MiddlewareDispatcher.php(129): Slim\Middleware\RoutingMiddleware->process(Object(GuzzleHttp\Psr7\ServerRequest), Object(Slim\Routing\RouteRunner))
#2 D:\xampp81\htdocs\slim_paranomi\vendor\slim\slim\Slim\Middleware\ErrorMiddleware.php(77): Psr\Http\Server\RequestHandlerInterface@anonymous->handle(Object(GuzzleHttp\Psr7\ServerRequest))
#3 D:\xampp81\htdocs\slim_paranomi\vendor\slim\slim\Slim\MiddlewareDispatcher.php(129): Slim\Middleware\ErrorMiddleware->process(Object(GuzzleHttp\Psr7\ServerRequest), Object(Psr\Http\Server\RequestHandlerInterface@anonymous))
#4 D:\xampp81\htdocs\slim_paranomi\vendor\slim\slim\Slim\MiddlewareDispatcher.php(73): Psr\Http\Server\RequestHandlerInterface@anonymous->handle(Object(GuzzleHttp\Psr7\ServerRequest))
#5 D:\xampp81\htdocs\slim_paranomi\vendor\slim\slim\Slim\App.php(209): Slim\MiddlewareDispatcher->handle(Object(GuzzleHttp\Psr7\ServerRequest))
#6 D:\xampp81\htdocs\slim_paranomi\vendor\slim\slim\Slim\App.php(193): Slim\App->handle(Object(GuzzleHttp\Psr7\ServerRequest))
#7 D:\xampp81\htdocs\slim_paranomi\public\index.php(31): Slim\App->run()
#8 {main}
[13-Mar-2025 19:14:57 UTC] 405 Method Not Allowed
Type: Slim\Exception\HttpMethodNotAllowedException
Code: 405
Message: Method not allowed. Must be one of: POST
File: D:\xampp81\htdocs\slim_paranomi\vendor\slim\slim\Slim\Middleware\RoutingMiddleware.php
Line: 79
Trace: #0 D:\xampp81\htdocs\slim_paranomi\vendor\slim\slim\Slim\Middleware\RoutingMiddleware.php(44): Slim\Middleware\RoutingMiddleware->performRouting(Object(GuzzleHttp\Psr7\ServerRequest))
#1 D:\xampp81\htdocs\slim_paranomi\vendor\slim\slim\Slim\MiddlewareDispatcher.php(129): Slim\Middleware\RoutingMiddleware->process(Object(GuzzleHttp\Psr7\ServerRequest), Object(Slim\Routing\RouteRunner))
#2 D:\xampp81\htdocs\slim_paranomi\vendor\slim\slim\Slim\Middleware\ErrorMiddleware.php(77): Psr\Http\Server\RequestHandlerInterface@anonymous->handle(Object(GuzzleHttp\Psr7\ServerRequest))
#3 D:\xampp81\htdocs\slim_paranomi\vendor\slim\slim\Slim\MiddlewareDispatcher.php(129): Slim\Middleware\ErrorMiddleware->process(Object(GuzzleHttp\Psr7\ServerRequest), Object(Psr\Http\Server\RequestHandlerInterface@anonymous))
#4 D:\xampp81\htdocs\slim_paranomi\vendor\slim\slim\Slim\MiddlewareDispatcher.php(73): Psr\Http\Server\RequestHandlerInterface@anonymous->handle(Object(GuzzleHttp\Psr7\ServerRequest))
#5 D:\xampp81\htdocs\slim_paranomi\vendor\slim\slim\Slim\App.php(209): Slim\MiddlewareDispatcher->handle(Object(GuzzleHttp\Psr7\ServerRequest))
#6 D:\xampp81\htdocs\slim_paranomi\vendor\slim\slim\Slim\App.php(193): Slim\App->handle(Object(GuzzleHttp\Psr7\ServerRequest))
#7 D:\xampp81\htdocs\slim_paranomi\public\index.php(31): Slim\App->run()
#8 {main}
[13-Mar-2025 19:17:39 UTC] 405 Method Not Allowed
Type: Slim\Exception\HttpMethodNotAllowedException
Code: 405
Message: Method not allowed. Must be one of: POST
File: D:\xampp81\htdocs\slim_paranomi\vendor\slim\slim\Slim\Middleware\RoutingMiddleware.php
Line: 79
Trace: #0 D:\xampp81\htdocs\slim_paranomi\vendor\slim\slim\Slim\Middleware\RoutingMiddleware.php(44): Slim\Middleware\RoutingMiddleware->performRouting(Object(GuzzleHttp\Psr7\ServerRequest))
#1 D:\xampp81\htdocs\slim_paranomi\vendor\slim\slim\Slim\MiddlewareDispatcher.php(129): Slim\Middleware\RoutingMiddleware->process(Object(GuzzleHttp\Psr7\ServerRequest), Object(Slim\Routing\RouteRunner))
#2 D:\xampp81\htdocs\slim_paranomi\vendor\slim\slim\Slim\Middleware\ErrorMiddleware.php(77): Psr\Http\Server\RequestHandlerInterface@anonymous->handle(Object(GuzzleHttp\Psr7\ServerRequest))
#3 D:\xampp81\htdocs\slim_paranomi\vendor\slim\slim\Slim\MiddlewareDispatcher.php(129): Slim\Middleware\ErrorMiddleware->process(Object(GuzzleHttp\Psr7\ServerRequest), Object(Psr\Http\Server\RequestHandlerInterface@anonymous))
#4 D:\xampp81\htdocs\slim_paranomi\vendor\slim\slim\Slim\MiddlewareDispatcher.php(73): Psr\Http\Server\RequestHandlerInterface@anonymous->handle(Object(GuzzleHttp\Psr7\ServerRequest))
#5 D:\xampp81\htdocs\slim_paranomi\vendor\slim\slim\Slim\App.php(209): Slim\MiddlewareDispatcher->handle(Object(GuzzleHttp\Psr7\ServerRequest))
#6 D:\xampp81\htdocs\slim_paranomi\vendor\slim\slim\Slim\App.php(193): Slim\App->handle(Object(GuzzleHttp\Psr7\ServerRequest))
#7 D:\xampp81\htdocs\slim_paranomi\public\index.php(31): Slim\App->run()
#8 {main}
[13-Mar-2025 19:59:24 UTC] 🔹 [LOGIN] Gelen veriler: Array
(
    [username] => user1
    [password] => 1234
)

[13-Mar-2025 20:01:45 UTC] 🔹 [LOGIN] Gelen veriler: Array
(
    [username] => user1
    [password] => 1234
)

[13-Mar-2025 20:01:52 UTC] 🔹 [LOGIN] Gelen veriler: Array
(
    [username] => user1
    [password] => 1234
)

[13-Mar-2025 20:07:20 UTC] 🔹 [LOGIN] Gelen veriler: Array
(
    [username] => user1
    [password] => 1234
)

[13-Mar-2025 20:07:34 UTC] 🔹 [LOGIN] Gelen veriler: Array
(
    [username] => user1
    [password] => 1234
)

